[ 2016-06-15T09:26:43+08:00 ] / | ERR: Cron:cron_1 Runat 2016-06-15 09:26:43 Use 0.000202 s

[ 2016-06-15T09:26:50+08:00 ] /baicai/admin | ERR: Cron:cron_1 Runat 2016-06-15 09:26:50 Use 0.000060 s

[ 2016-06-15T09:27:19+08:00 ] /baicai/admin | ERR: Cron:cron_1 Runat 2016-06-15 09:27:19 Use 0.000027 s

[ 2016-06-15T09:27:30+08:00 ] /baicai/admin | ERR: Cron:cron_1 Runat 2016-06-15 09:27:30 Use 0.000030 s

[ 2016-06-15T09:27:46+08:00 ] /baicai/admin | ERR: Cron:cron_1 Runat 2016-06-15 09:27:46 Use 0.000028 s

[ 2016-06-15T09:27:56+08:00 ] /admin/index/verify?1465954076138 | ERR: Cron:cron_1 Runat 2016-06-15 09:27:56 Use 0.000031 s

[ 2016-06-15T09:28:01+08:00 ] /admin/index/login | ERR: Cron:cron_1 Runat 2016-06-15 09:28:01 Use 0.000056 s

[ 2016-06-15T09:28:06+08:00 ] /admin/house/index.html | ERR: Cron:cron_1 Runat 2016-06-15 09:28:06 Use 0.000029 s

[ 2016-06-15T09:28:09+08:00 ] /admin/area/index.html | ERR: Cron:cron_1 Runat 2016-06-15 09:28:09 Use 0.000037 s

[ 2016-06-15T09:29:02+08:00 ] /admin/house/index.html | ERR: Cron:cron_1 Runat 2016-06-15 09:29:02 Use 0.000028 s

[ 2016-06-15T09:36:30+08:00 ] /admin/area/index.html | ERR: Cron:cron_1 Runat 2016-06-15 09:36:30 Use 0.000047 s

[ 2016-06-15T09:38:44+08:00 ] /admin/house/index.html | ERR: Cron:cron_1 Runat 2016-06-15 09:38:44 Use 0.000029 s

[ 2016-06-15T09:40:07+08:00 ] /admin/house/index.html | ERR: Cron:cron_1 Runat 2016-06-15 09:40:07 Use 0.000028 s

[ 2016-06-15T09:43:04+08:00 ] /admin/house/index.html | ERR: Cron:cron_1 Runat 2016-06-15 09:43:04 Use 0.000027 s

[ 2016-06-15T09:43:24+08:00 ] /admin/house/index.html | ERR: Cron:cron_1 Runat 2016-06-15 09:43:24 Use 0.000029 s

[ 2016-06-15T09:44:05+08:00 ] /admin/house/index.html | ERR: Cron:cron_1 Runat 2016-06-15 09:44:05 Use 0.000030 s

[ 2016-06-15T09:44:39+08:00 ] /admin/house/index.html | ERR: Cron:cron_1 Runat 2016-06-15 09:44:39 Use 0.000029 s

[ 2016-06-15T09:44:42+08:00 ] /Admin/house/verify?id=1 | ERR: Cron:cron_1 Runat 2016-06-15 09:44:42 Use 0.000028 s

[ 2016-06-15T09:46:18+08:00 ] /admin/house/index.html | ERR: Cron:cron_1 Runat 2016-06-15 09:46:18 Use 0.000037 s

[ 2016-06-15T09:47:42+08:00 ] /admin/house/index.html | ERR: Cron:cron_1 Runat 2016-06-15 09:47:42 Use 0.000028 s

[ 2016-06-15T09:48:23+08:00 ] /admin/house/index.html | ERR: Cron:cron_1 Runat 2016-06-15 09:48:23 Use 0.000028 s

[ 2016-06-15T09:48:59+08:00 ] /admin/house/index.html | ERR: Cron:cron_1 Runat 2016-06-15 09:48:59 Use 0.000027 s

[ 2016-06-15T09:50:17+08:00 ] /admin/house/index.html | ERR: Cron:cron_1 Runat 2016-06-15 09:50:17 Use 0.000029 s

[ 2016-06-15T09:52:00+08:00 ] /admin/house/index.html | ERR: Cron:cron_1 Runat 2016-06-15 09:52:00 Use 0.000028 s

[ 2016-06-15T09:53:40+08:00 ] /admin/house/index.html | ERR: Cron:cron_1 Runat 2016-06-15 09:53:40 Use 0.000028 s

[ 2016-06-15T09:54:38+08:00 ] /admin/house/index.html | ERR: Cron:cron_1 Runat 2016-06-15 09:54:38 Use 0.000028 s

[ 2016-06-15T09:56:34+08:00 ] /admin/house/index.html | ERR: Cron:cron_1 Runat 2016-06-15 09:56:34 Use 0.000027 s

[ 2016-06-15T09:56:51+08:00 ] /admin/house/index.html | ERR: Cron:cron_1 Runat 2016-06-15 09:56:51 Use 0.000029 s

[ 2016-06-15T09:59:04+08:00 ] /admin/house/index.html | ERR: Cron:cron_1 Runat 2016-06-15 09:59:04 Use 0.000028 s

[ 2016-06-15T09:59:57+08:00 ] /admin/house/index.html | ERR: Cron:cron_1 Runat 2016-06-15 09:59:57 Use 0.000028 s

[ 2016-06-15T10:00:23+08:00 ] /admin/house/index.html | ERR: Cron:cron_1 Runat 2016-06-15 10:00:23 Use 0.000028 s

[ 2016-06-15T10:00:31+08:00 ] /admin/house/index.html | ERR: Cron:cron_1 Runat 2016-06-15 10:00:31 Use 0.000027 s

[ 2016-06-15T10:00:42+08:00 ] /admin/house/index.html | ERR: Cron:cron_1 Runat 2016-06-15 10:00:42 Use 0.000028 s

[ 2016-06-15T10:02:18+08:00 ] /admin/house/index.html | ERR: Cron:cron_1 Runat 2016-06-15 10:02:18 Use 0.000029 s

[ 2016-06-15T10:02:44+08:00 ] /admin/house/index.html | ERR: Cron:cron_1 Runat 2016-06-15 10:02:44 Use 0.000027 s

[ 2016-06-15T10:04:19+08:00 ] /admin/house/index.html | ERR: Cron:cron_1 Runat 2016-06-15 10:04:19 Use 0.000029 s

[ 2016-06-15T10:04:44+08:00 ] /Admin/index/Index_menu2/images/style/style.css | ERR: Cron:cron_1 Runat 2016-06-15 10:04:44 Use 0.000042 s

[ 2016-06-15T10:05:51+08:00 ] /admin/house/index.html | ERR: Cron:cron_1 Runat 2016-06-15 10:05:51 Use 0.000027 s

[ 2016-06-15T10:09:35+08:00 ] /admin/house/index.html | ERR: Cron:cron_1 Runat 2016-06-15 10:09:35 Use 0.000027 s

[ 2016-06-15T10:18:13+08:00 ] /admin/house/index.html | ERR: Cron:cron_1 Runat 2016-06-15 10:18:13 Use 0.000028 s

[ 2016-06-15T10:19:29+08:00 ] /Admin/house/verify?id=1 | ERR: Cron:cron_1 Runat 2016-06-15 10:19:29 Use 0.000028 s

[ 2016-06-15T10:20:31+08:00 ] /admin/house/index.html | ERR: Cron:cron_1 Runat 2016-06-15 10:20:31 Use 0.000029 s

[ 2016-06-15T10:20:41+08:00 ] /admin/house/index.html | ERR: Cron:cron_1 Runat 2016-06-15 10:20:41 Use 0.000027 s

[ 2016-06-15T10:21:20+08:00 ] /admin/house/index.html | ERR: Cron:cron_1 Runat 2016-06-15 10:21:20 Use 0.000028 s

[ 2016-06-15T10:23:26+08:00 ] /admin/house/index.html | ERR: Cron:cron_1 Runat 2016-06-15 10:23:26 Use 0.000029 s

[ 2016-06-15T10:28:00+08:00 ] /admin/house/index.html | ERR: Cron:cron_1 Runat 2016-06-15 10:28:00 Use 0.000026 s

[ 2016-06-15T10:31:34+08:00 ] /admin/house/index.html | ERR: Cron:cron_1 Runat 2016-06-15 10:31:34 Use 0.000030 s

[ 2016-06-15T10:32:19+08:00 ] /admin/house/index.html | ERR: Cron:cron_1 Runat 2016-06-15 10:32:19 Use 0.000028 s

[ 2016-06-15T10:32:36+08:00 ] /admin/house/index.html | ERR: Cron:cron_1 Runat 2016-06-15 10:32:36 Use 0.000030 s

[ 2016-06-15T10:38:43+08:00 ] /admin/house/index.html | ERR: Cron:cron_1 Runat 2016-06-15 10:38:43 Use 0.000027 s

[ 2016-06-15T10:39:17+08:00 ] /admin/house/index.html | ERR: Cron:cron_1 Runat 2016-06-15 10:39:17 Use 0.000028 s

[ 2016-06-15T10:39:29+08:00 ] /admin/house/index.html | ERR: Cron:cron_1 Runat 2016-06-15 10:39:29 Use 0.000042 s

[ 2016-06-15T12:48:21+08:00 ] /admin/house/index.html | ERR: Cron:cron_1 Runat 2016-06-15 12:48:21 Use 0.000082 s

[ 2016-06-15T12:49:53+08:00 ] /admin/house/index.html | ERR: Cron:cron_1 Runat 2016-06-15 12:49:53 Use 0.000029 s

[ 2016-06-15T12:50:06+08:00 ] /admin/house/index.html | ERR: Cron:cron_1 Runat 2016-06-15 12:50:06 Use 0.000026 s

[ 2016-06-15T12:50:18+08:00 ] /admin/house/index.html | ERR: Cron:cron_1 Runat 2016-06-15 12:50:18 Use 0.000028 s

[ 2016-06-15T12:50:51+08:00 ] /admin/house/index.html | ERR: Cron:cron_1 Runat 2016-06-15 12:50:51 Use 0.000027 s

[ 2016-06-15T12:51:39+08:00 ] /admin/house/index.html | ERR: Cron:cron_1 Runat 2016-06-15 12:51:39 Use 0.000029 s

[ 2016-06-15T12:52:16+08:00 ] /admin/house/index.html | ERR: Cron:cron_1 Runat 2016-06-15 12:52:16 Use 0.000030 s

[ 2016-06-15T12:52:27+08:00 ] /admin/house/index.html | ERR: Cron:cron_1 Runat 2016-06-15 12:52:27 Use 0.000028 s

[ 2016-06-15T12:54:01+08:00 ] /admin/house/index.html | ERR: Cron:cron_1 Runat 2016-06-15 12:54:01 Use 0.000029 s

[ 2016-06-15T12:54:14+08:00 ] /admin/house/index.html | ERR: Cron:cron_1 Runat 2016-06-15 12:54:14 Use 0.000056 s

[ 2016-06-15T12:55:05+08:00 ] /admin/house/index.html | ERR: Cron:cron_1 Runat 2016-06-15 12:55:05 Use 0.000029 s

[ 2016-06-15T12:55:25+08:00 ] /admin/house/index.html | ERR: Cron:cron_1 Runat 2016-06-15 12:55:25 Use 0.000027 s

[ 2016-06-15T12:55:44+08:00 ] /admin/house/index.html | ERR: Cron:cron_1 Runat 2016-06-15 12:55:44 Use 0.000029 s

[ 2016-06-15T12:56:12+08:00 ] /admin/house/index.html | ERR: Cron:cron_1 Runat 2016-06-15 12:56:12 Use 0.000029 s

[ 2016-06-15T12:56:30+08:00 ] /admin/house/index.html | ERR: Cron:cron_1 Runat 2016-06-15 12:56:30 Use 0.000028 s

[ 2016-06-15T12:56:56+08:00 ] /admin/house/index.html | ERR: Cron:cron_1 Runat 2016-06-15 12:56:56 Use 0.000030 s

[ 2016-06-15T12:57:07+08:00 ] /admin/house/index.html | ERR: Cron:cron_1 Runat 2016-06-15 12:57:07 Use 0.000027 s

[ 2016-06-15T12:58:08+08:00 ] /admin/house/index.html | ERR: Cron:cron_1 Runat 2016-06-15 12:58:08 Use 0.000034 s

[ 2016-06-15T13:00:34+08:00 ] /admin/house/index.html | ERR: Cron:cron_1 Runat 2016-06-15 13:00:34 Use 0.000028 s

[ 2016-06-15T13:02:27+08:00 ] /admin/house/index.html | ERR: Cron:cron_1 Runat 2016-06-15 13:02:27 Use 0.000028 s

[ 2016-06-15T13:05:57+08:00 ] /admin/house/index.html | ERR: Cron:cron_1 Runat 2016-06-15 13:05:57 Use 0.000033 s

[ 2016-06-15T13:06:48+08:00 ] /admin/house/index.html | ERR: Cron:cron_1 Runat 2016-06-15 13:06:48 Use 0.000027 s

[ 2016-06-15T13:07:10+08:00 ] /admin/house/index.html | ERR: Cron:cron_1 Runat 2016-06-15 13:07:10 Use 0.000028 s

[ 2016-06-15T13:41:00+08:00 ] /admin/house/index.html | ERR: Cron:cron_1 Runat 2016-06-15 13:41:00 Use 0.000028 s

[ 2016-06-15T13:42:17+08:00 ] /admin/house/index.html | ERR: Cron:cron_1 Runat 2016-06-15 13:42:17 Use 0.000037 s

[ 2016-06-15T13:43:23+08:00 ] /admin/house/index.html | ERR: Cron:cron_1 Runat 2016-06-15 13:43:23 Use 0.000027 s

[ 2016-06-15T13:44:00+08:00 ] /admin/house/index.html | ERR: Cron:cron_1 Runat 2016-06-15 13:44:00 Use 0.000028 s

[ 2016-06-15T13:44:32+08:00 ] /admin/house/index.html | ERR: Cron:cron_1 Runat 2016-06-15 13:44:32 Use 0.000064 s

[ 2016-06-15T13:44:55+08:00 ] /admin/house/index.html | ERR: Cron:cron_1 Runat 2016-06-15 13:44:55 Use 0.000027 s

[ 2016-06-15T13:45:15+08:00 ] /admin/house/index.html | ERR: Cron:cron_1 Runat 2016-06-15 13:45:15 Use 0.000028 s

[ 2016-06-15T13:45:32+08:00 ] /admin/house/index.html | ERR: Cron:cron_1 Runat 2016-06-15 13:45:32 Use 0.000027 s

[ 2016-06-15T13:45:40+08:00 ] /admin/house/index.html | ERR: Cron:cron_1 Runat 2016-06-15 13:45:40 Use 0.000029 s

[ 2016-06-15T13:48:10+08:00 ] /admin/house/index.html | ERR: Cron:cron_1 Runat 2016-06-15 13:48:10 Use 0.000028 s

[ 2016-06-15T14:04:33+08:00 ] /admin/house/index.html | ERR: Cron:cron_1 Runat 2016-06-15 14:04:33 Use 0.000030 s

[ 2016-06-15T14:04:55+08:00 ] /admin/house/index.html | ERR: Cron:cron_1 Runat 2016-06-15 14:04:55 Use 0.000029 s

[ 2016-06-15T14:06:38+08:00 ] /admin/house/index.html | ERR: Cron:cron_1 Runat 2016-06-15 14:06:38 Use 0.000027 s

[ 2016-06-15T14:06:49+08:00 ] /admin/house/index.html | ERR: Cron:cron_1 Runat 2016-06-15 14:06:49 Use 0.000028 s

[ 2016-06-15T14:07:51+08:00 ] /admin/house/index.html | ERR: Cron:cron_1 Runat 2016-06-15 14:07:51 Use 0.000028 s

[ 2016-06-15T14:08:25+08:00 ] /admin/area/index.html | ERR: Cron:cron_1 Runat 2016-06-15 14:08:25 Use 0.000030 s

[ 2016-06-15T14:08:45+08:00 ] /admin/house/index.html | ERR: Cron:cron_1 Runat 2016-06-15 14:08:45 Use 0.000027 s

[ 2016-06-15T14:09:18+08:00 ] /admin/house/index.html | ERR: Cron:cron_1 Runat 2016-06-15 14:09:18 Use 0.000028 s

[ 2016-06-15T14:09:39+08:00 ] /admin/house/index.html | ERR: Cron:cron_1 Runat 2016-06-15 14:09:39 Use 0.000029 s

[ 2016-06-15T14:10:07+08:00 ] /admin/house/index.html | ERR: Cron:cron_1 Runat 2016-06-15 14:10:07 Use 0.000027 s

[ 2016-06-15T14:10:10+08:00 ] /admin/house/index.html | ERR: Cron:cron_1 Runat 2016-06-15 14:10:10 Use 0.000037 s

[ 2016-06-15T14:10:43+08:00 ] /admin/house/index.html | ERR: Cron:cron_1 Runat 2016-06-15 14:10:43 Use 0.000028 s

[ 2016-06-15T14:13:49+08:00 ] /admin/house/index.html | ERR: Cron:cron_1 Runat 2016-06-15 14:13:49 Use 0.000029 s

[ 2016-06-15T14:13:57+08:00 ] /admin/welcome/index.html | ERR: Cron:cron_1 Runat 2016-06-15 14:13:57 Use 0.000028 s

[ 2016-06-15T14:14:01+08:00 ] /Admin/acl/edit?a_id=5 | ERR: Cron:cron_1 Runat 2016-06-15 14:14:01 Use 0.000028 s

[ 2016-06-15T14:14:12+08:00 ] /admin/Acl/.html | ERR: Cron:cron_1 Runat 2016-06-15 14:14:12 Use 0.000029 s

[ 2016-06-15T14:14:25+08:00 ] /admin/house/index.html | ERR: Cron:cron_1 Runat 2016-06-15 14:14:25 Use 0.000029 s

[ 2016-06-15T14:14:43+08:00 ] /admin/house/index.html | ERR: Cron:cron_1 Runat 2016-06-15 14:14:43 Use 0.000027 s

[ 2016-06-15T14:21:17+08:00 ] /admin/house/index.html | ERR: Cron:cron_1 Runat 2016-06-15 14:21:17 Use 0.000027 s

[ 2016-06-15T14:21:43+08:00 ] /admin/house/index.html | ERR: Cron:cron_1 Runat 2016-06-15 14:21:43 Use 0.000026 s

[ 2016-06-15T14:22:26+08:00 ] /admin/house/index.html | ERR: Cron:cron_1 Runat 2016-06-15 14:22:26 Use 0.000029 s

[ 2016-06-15T14:22:51+08:00 ] /admin/house/index.html | ERR: Cron:cron_1 Runat 2016-06-15 14:22:51 Use 0.000028 s

[ 2016-06-15T14:23:11+08:00 ] /admin/house/index.html | ERR: Cron:cron_1 Runat 2016-06-15 14:23:11 Use 0.000027 s

[ 2016-06-15T14:23:51+08:00 ] /admin/house/index.html | ERR: Cron:cron_1 Runat 2016-06-15 14:23:51 Use 0.000026 s

[ 2016-06-15T14:24:20+08:00 ] /admin/house/index.html | ERR: Cron:cron_1 Runat 2016-06-15 14:24:20 Use 0.000028 s

[ 2016-06-15T14:24:50+08:00 ] /admin/house/index.html | ERR: Cron:cron_1 Runat 2016-06-15 14:24:50 Use 0.000028 s

[ 2016-06-15T14:26:18+08:00 ] /admin/house/index.html | ERR: Cron:cron_1 Runat 2016-06-15 14:26:18 Use 0.000028 s

[ 2016-06-15T14:27:30+08:00 ] /admin/house/index.html | ERR: Cron:cron_1 Runat 2016-06-15 14:27:30 Use 0.000030 s

[ 2016-06-15T14:29:12+08:00 ] /admin/house/index.html | ERR: Cron:cron_1 Runat 2016-06-15 14:29:12 Use 0.000029 s

[ 2016-06-15T14:29:27+08:00 ] /admin/house/index.html | ERR: Cron:cron_1 Runat 2016-06-15 14:29:27 Use 0.000027 s

[ 2016-06-15T14:29:39+08:00 ] /admin/house/index.html | ERR: Cron:cron_1 Runat 2016-06-15 14:29:39 Use 0.000027 s

[ 2016-06-15T14:30:29+08:00 ] /admin/house/index.html | ERR: Cron:cron_1 Runat 2016-06-15 14:30:29 Use 0.000028 s

[ 2016-06-15T14:30:34+08:00 ] /admin/house/index.html | ERR: Cron:cron_1 Runat 2016-06-15 14:30:34 Use 0.000028 s

[ 2016-06-15T14:31:02+08:00 ] /admin/house/index.html | ERR: Cron:cron_1 Runat 2016-06-15 14:31:02 Use 0.000028 s

[ 2016-06-15T14:31:35+08:00 ] /admin/house/index.html | ERR: Cron:cron_1 Runat 2016-06-15 14:31:35 Use 0.000030 s

[ 2016-06-15T14:31:42+08:00 ] /admin/house/index.html | ERR: Cron:cron_1 Runat 2016-06-15 14:31:42 Use 0.000027 s

[ 2016-06-15T14:32:04+08:00 ] /admin/house/index.html | ERR: Cron:cron_1 Runat 2016-06-15 14:32:04 Use 0.000028 s

[ 2016-06-15T14:32:13+08:00 ] /admin/house/index.html | ERR: Cron:cron_1 Runat 2016-06-15 14:32:13 Use 0.000028 s

[ 2016-06-15T14:32:39+08:00 ] /admin/house/index.html | ERR: Cron:cron_1 Runat 2016-06-15 14:32:39 Use 0.000028 s

[ 2016-06-15T14:32:58+08:00 ] /admin/house/index.html | ERR: Cron:cron_1 Runat 2016-06-15 14:32:58 Use 0.000027 s

[ 2016-06-15T14:33:22+08:00 ] /admin/house/index.html | ERR: Cron:cron_1 Runat 2016-06-15 14:33:22 Use 0.000028 s

[ 2016-06-15T14:34:08+08:00 ] /admin/house/index.html | ERR: Cron:cron_1 Runat 2016-06-15 14:34:08 Use 0.000029 s

[ 2016-06-15T14:34:27+08:00 ] /admin/house/index.html | ERR: Cron:cron_1 Runat 2016-06-15 14:34:27 Use 0.000030 s

[ 2016-06-15T14:34:42+08:00 ] /admin/house/index.html | ERR: Cron:cron_1 Runat 2016-06-15 14:34:42 Use 0.000031 s

[ 2016-06-15T14:35:06+08:00 ] /admin/house/index.html | ERR: Cron:cron_1 Runat 2016-06-15 14:35:06 Use 0.000030 s

[ 2016-06-15T14:35:18+08:00 ] /admin/house/index.html | ERR: Cron:cron_1 Runat 2016-06-15 14:35:18 Use 0.000029 s

[ 2016-06-15T14:36:25+08:00 ] /admin/house/index.html | ERR: Cron:cron_1 Runat 2016-06-15 14:36:25 Use 0.000028 s

[ 2016-06-15T14:37:19+08:00 ] /admin/house/index.html | ERR: Cron:cron_1 Runat 2016-06-15 14:37:19 Use 0.000028 s

[ 2016-06-15T14:37:46+08:00 ] /admin/house/index.html | ERR: Cron:cron_1 Runat 2016-06-15 14:37:46 Use 0.000028 s

[ 2016-06-15T14:38:27+08:00 ] /admin/house/index.html | ERR: Cron:cron_1 Runat 2016-06-15 14:38:27 Use 0.000027 s

[ 2016-06-15T14:38:41+08:00 ] /admin/house/index.html | ERR: Cron:cron_1 Runat 2016-06-15 14:38:41 Use 0.000029 s

[ 2016-06-15T14:39:06+08:00 ] /admin/house/index.html | ERR: Cron:cron_1 Runat 2016-06-15 14:39:06 Use 0.000029 s

[ 2016-06-15T14:39:15+08:00 ] /admin/house/index.html | ERR: Cron:cron_1 Runat 2016-06-15 14:39:15 Use 0.000028 s

[ 2016-06-15T14:40:10+08:00 ] /admin/house/index.html | ERR: Cron:cron_1 Runat 2016-06-15 14:40:10 Use 0.000028 s

[ 2016-06-15T14:40:26+08:00 ] /admin/house/index.html | ERR: Cron:cron_1 Runat 2016-06-15 14:40:26 Use 0.000029 s

[ 2016-06-15T14:40:41+08:00 ] /admin/house/index.html | ERR: Cron:cron_1 Runat 2016-06-15 14:40:41 Use 0.000029 s

[ 2016-06-15T14:40:53+08:00 ] /admin/house/index.html | ERR: Cron:cron_1 Runat 2016-06-15 14:40:53 Use 0.000029 s

[ 2016-06-15T14:41:16+08:00 ] /admin/house/index.html | ERR: Cron:cron_1 Runat 2016-06-15 14:41:16 Use 0.000028 s

[ 2016-06-15T14:41:29+08:00 ] /admin/house/index.html | ERR: Cron:cron_1 Runat 2016-06-15 14:41:29 Use 0.000028 s

[ 2016-06-15T14:42:07+08:00 ] /admin/house/index.html | ERR: Cron:cron_1 Runat 2016-06-15 14:42:07 Use 0.000028 s

[ 2016-06-15T14:42:18+08:00 ] /admin/house/index.html | ERR: Cron:cron_1 Runat 2016-06-15 14:42:18 Use 0.000028 s

[ 2016-06-15T14:42:40+08:00 ] /admin/house/index.html | ERR: Cron:cron_1 Runat 2016-06-15 14:42:40 Use 0.000028 s

[ 2016-06-15T14:44:14+08:00 ] /admin/house/index.html | ERR: Cron:cron_1 Runat 2016-06-15 14:44:14 Use 0.000029 s

[ 2016-06-15T14:44:51+08:00 ] /admin/house/index.html | ERR: Cron:cron_1 Runat 2016-06-15 14:44:51 Use 0.000029 s

[ 2016-06-15T14:54:12+08:00 ] /admin/house/index.html | ERR: Cron:cron_1 Runat 2016-06-15 14:54:12 Use 0.000028 s

[ 2016-06-15T14:55:25+08:00 ] /Admin/house/edit?id=1 | ERR: Cron:cron_1 Runat 2016-06-15 14:55:25 Use 0.000029 s

[ 2016-06-15T14:55:29+08:00 ] /Admin/house/doedit?id=1&title=%E5%A5%BD%E6%88%BF%E5%87%BA%E5%94%AE&price=100.0&size=80.0&decoration=%E7%B2%BE%E8%A3%85&direction=%E5%8D%97&house_age=1&status=1&current_floor=24&total_floor=33&bed_room=5&live_room=2&toilet=1&bed_room=1851&live_room=3414&toilet=3415&describe=%E7%8E%AF%E5%A2%83%E4%BC%98%E7%BE%8E+%E7%BE%8E%E5%A5%B3%E4%BA%91%E9%9B%86 | ERR: Cron:cron_1 Runat 2016-06-15 14:55:29 Use 0.000029 s

[ 2016-06-15T14:57:47+08:00 ] /admin/house/index.html | ERR: Cron:cron_1 Runat 2016-06-15 14:57:47 Use 0.000029 s

[ 2016-06-15T14:57:50+08:00 ] /Admin/house/index | ERR: Cron:cron_1 Runat 2016-06-15 14:57:50 Use 0.000030 s

[ 2016-06-15T14:57:55+08:00 ] /Admin/house/edit?id=1 | ERR: Cron:cron_1 Runat 2016-06-15 14:57:55 Use 0.000026 s

[ 2016-06-15T14:57:59+08:00 ] /Admin/house/doedit?id=1&title=%E5%A5%BD%E6%88%BF%E5%87%BA%E5%94%AE&price=100.0&size=80.0&decoration=%E7%B2%BE%E8%A3%85&direction=%E5%8D%97&house_age=1&status=1&current_floor=24&total_floor=33&bed_room=5&live_room=2&toilet=1&bed_room=1851&live_room=3414&toilet=3415&describe=%E7%8E%AF%E5%A2%83%E4%BC%98%E7%BE%8E+%E7%BE%8E%E5%A5%B3%E4%BA%91%E9%9B%86 | ERR: Cron:cron_1 Runat 2016-06-15 14:57:59 Use 0.000028 s

[ 2016-06-15T14:59:36+08:00 ] /admin/house/index.html | ERR: Cron:cron_1 Runat 2016-06-15 14:59:36 Use 0.000029 s

[ 2016-06-15T14:59:49+08:00 ] /Admin/house/doedit?id=1&title=%E5%A5%BD%E6%88%BF%E5%87%BA%E5%94%AE&price=100.0&size=80.0&decoration=%E7%B2%BE%E8%A3%85&direction=%E5%8D%97&house_age=1&status=1&current_floor=24&total_floor=33&bed_room=5&live_room=2&toilet=1&bed_room=1851&live_room=3414&toilet=3415&describe=%E7%8E%AF%E5%A2%83%E4%BC%98%E7%BE%8E+%E7%BE%8E%E5%A5%B3%E4%BA%91%E9%9B%86 | ERR: Cron:cron_1 Runat 2016-06-15 14:59:49 Use 0.000040 s

[ 2016-06-15T15:02:07+08:00 ] /admin/house/index.html | ERR: Cron:cron_1 Runat 2016-06-15 15:02:07 Use 0.000029 s

[ 2016-06-15T15:02:15+08:00 ] /Admin/house/doedit?id=1&title=%E5%A5%BD%E6%88%BF%E5%87%BA%E5%94%AE&price=100.0&size=80.0&decoration=%E7%B2%BE%E8%A3%85&direction=%E5%8D%97&house_age=1&status=1&current_floor=24&total_floor=33&bed_room=5&live_room=2&toilet=1&bed_room=1851&live_room=3414&toilet=3415&describe=%E7%8E%AF%E5%A2%83%E4%BC%98%E7%BE%8E+%E7%BE%8E%E5%A5%B3%E4%BA%91%E9%9B%86 | ERR: Cron:cron_1 Runat 2016-06-15 15:02:15 Use 0.000028 s

[ 2016-06-15T15:02:19+08:00 ] /Admin/house/edit?id=1 | ERR: Cron:cron_1 Runat 2016-06-15 15:02:19 Use 0.000027 s

[ 2016-06-15T15:11:04+08:00 ] /admin/house/index.html | ERR: Cron:cron_1 Runat 2016-06-15 15:11:04 Use 0.000029 s

[ 2016-06-15T15:11:46+08:00 ] /admin/house/index.html | ERR: Cron:cron_1 Runat 2016-06-15 15:11:46 Use 0.000028 s

[ 2016-06-15T15:13:27+08:00 ] /admin/house/index.html | ERR: Cron:cron_1 Runat 2016-06-15 15:13:27 Use 0.000028 s

[ 2016-06-15T15:13:47+08:00 ] /admin/house/index.html | ERR: Cron:cron_1 Runat 2016-06-15 15:13:47 Use 0.000028 s

[ 2016-06-15T15:14:03+08:00 ] /admin/house/index.html | ERR: Cron:cron_1 Runat 2016-06-15 15:14:03 Use 0.000028 s

[ 2016-06-15T15:14:07+08:00 ] /Admin/house/edit?id=1 | ERR: Cron:cron_1 Runat 2016-06-15 15:14:07 Use 0.000026 s

[ 2016-06-15T15:15:17+08:00 ] /m.html | ERR: Cron:cron_1 Runat 2016-06-15 15:15:17 Use 0.000027 s

[ 2016-06-15T15:16:03+08:00 ] /admin/house/index.html | ERR: Cron:cron_1 Runat 2016-06-15 15:16:03 Use 0.000029 s

[ 2016-06-15T15:20:30+08:00 ] /m.html | ERR: Cron:cron_1 Runat 2016-06-15 15:20:30 Use 0.000028 s

[ 2016-06-15T15:21:40+08:00 ] /m.html | ERR: Cron:cron_1 Runat 2016-06-15 15:21:40 Use 0.000032 s

[ 2016-06-15T15:23:52+08:00 ] /admin/house/index.html | ERR: Cron:cron_1 Runat 2016-06-15 15:23:52 Use 0.000028 s

[ 2016-06-15T15:24:00+08:00 ] /Admin/house/edit?id=2 | ERR: Cron:cron_1 Runat 2016-06-15 15:24:00 Use 0.000026 s

[ 2016-06-15T15:24:04+08:00 ] /Admin/house/doedit?id=2&title=%E8%B1%86%E8%85%90&price=677.0&size=9999.9&decoration=%E7%AE%80%E8%A3%85&direction=%E5%8D%97&house_age=12&status=1&current_floor=67&total_floor=255&bed_room=5&live_room=3&toilet=2&bed_room=1851&live_room=3414&toilet=3415&describe=%E5%88%9A%E5%8D%87%E7%BA%A7%E5%88%B0%E5%AE%B6%E8%82%A5%E5%AE%B6%E8%82%A5%E5%AE%B6%E5%AE%B6 | ERR: Cron:cron_1 Runat 2016-06-15 15:24:04 Use 0.000028 s

[ 2016-06-15T15:24:09+08:00 ] /m.html | ERR: Cron:cron_1 Runat 2016-06-15 15:24:09 Use 0.000027 s

[ 2016-06-15T15:24:15+08:00 ] /m.html | ERR: Cron:cron_1 Runat 2016-06-15 15:24:15 Use 0.000052 s

[ 2016-06-15T15:24:28+08:00 ] /m.html | ERR: Cron:cron_1 Runat 2016-06-15 15:24:28 Use 0.000027 s

[ 2016-06-15T15:28:39+08:00 ] /admin/house/index.html | ERR: Cron:cron_1 Runat 2016-06-15 15:28:39 Use 0.000026 s

[ 2016-06-15T15:28:42+08:00 ] /Admin/house/doedit?id=2&title=%E8%B1%86%E8%85%90&price=677.0&size=9999.9&decoration=%E7%AE%80%E8%A3%85&direction=%E5%8D%97&house_age=12&status=1&current_floor=67&total_floor=255&bed_room=5&live_room=3&toilet=2&bed_room=1851&live_room=3414&toilet=3415&describe=%E5%88%9A%E5%8D%87%E7%BA%A7%E5%88%B0%E5%AE%B6%E8%82%A5%E5%AE%B6%E8%82%A5%E5%AE%B6%E5%AE%B6 | ERR: Cron:cron_1 Runat 2016-06-15 15:28:42 Use 0.000029 s

[ 2016-06-15T15:29:14+08:00 ] /admin/house/index.html | ERR: Cron:cron_1 Runat 2016-06-15 15:29:14 Use 0.000038 s

[ 2016-06-15T15:29:17+08:00 ] /Admin/house/index | ERR: Cron:cron_1 Runat 2016-06-15 15:29:17 Use 0.000028 s

[ 2016-06-15T15:29:21+08:00 ] /Admin/house/edit?id=1 | ERR: Cron:cron_1 Runat 2016-06-15 15:29:21 Use 0.000027 s

[ 2016-06-15T15:29:24+08:00 ] /Admin/house/doedit | ERR: Cron:cron_1 Runat 2016-06-15 15:29:24 Use 0.000027 s

[ 2016-06-15T15:29:27+08:00 ] /Admin/house/edit?id=1 | ERR: Cron:cron_1 Runat 2016-06-15 15:29:27 Use 0.000035 s

[ 2016-06-15T15:29:31+08:00 ] /Admin/house/edit?id=1 | ERR: Cron:cron_1 Runat 2016-06-15 15:29:31 Use 0.000027 s

[ 2016-06-15T15:29:34+08:00 ] /Admin/house/index | ERR: Cron:cron_1 Runat 2016-06-15 15:29:34 Use 0.000026 s

[ 2016-06-15T15:29:38+08:00 ] /Admin/house/doedit | ERR: Cron:cron_1 Runat 2016-06-15 15:29:38 Use 0.000028 s

[ 2016-06-15T15:29:41+08:00 ] /Admin/house/edit?id=1 | ERR: Cron:cron_1 Runat 2016-06-15 15:29:41 Use 0.000027 s

[ 2016-06-15T15:30:09+08:00 ] /admin/house/index.html | ERR: Cron:cron_1 Runat 2016-06-15 15:30:09 Use 0.000028 s

[ 2016-06-15T15:30:25+08:00 ] /admin/house/index.html | ERR: Cron:cron_1 Runat 2016-06-15 15:30:25 Use 0.000026 s

[ 2016-06-15T15:31:32+08:00 ] /admin/house/index.html | ERR: Cron:cron_1 Runat 2016-06-15 15:31:32 Use 0.000029 s

[ 2016-06-15T15:31:34+08:00 ] /Admin/house/doedit | ERR: Cron:cron_1 Runat 2016-06-15 15:31:34 Use 0.000030 s

[ 2016-06-15T15:31:38+08:00 ] /admin/house/index.html | ERR: Cron:cron_1 Runat 2016-06-15 15:31:38 Use 0.000027 s

[ 2016-06-15T15:31:59+08:00 ] /Admin/house/doedit | ERR: Cron:cron_1 Runat 2016-06-15 15:31:59 Use 0.000028 s

[ 2016-06-15T15:32:54+08:00 ] /admin/house/index.html | ERR: Cron:cron_1 Runat 2016-06-15 15:32:54 Use 0.000028 s

[ 2016-06-15T15:39:59+08:00 ] /admin/house/index.html | ERR: Cron:cron_1 Runat 2016-06-15 15:39:59 Use 0.000029 s

[ 2016-06-15T15:40:04+08:00 ] /Admin/house/doedit | ERR: Cron:cron_1 Runat 2016-06-15 15:40:04 Use 0.000056 s

[ 2016-06-15T15:41:37+08:00 ] /admin/house/index.html | ERR: Cron:cron_1 Runat 2016-06-15 15:41:37 Use 0.000028 s

[ 2016-06-15T15:41:41+08:00 ] /Admin/house/doedit | ERR: Cron:cron_1 Runat 2016-06-15 15:41:41 Use 0.000035 s

[ 2016-06-15T15:41:44+08:00 ] /Admin/house/edit?id=1 | ERR: Cron:cron_1 Runat 2016-06-15 15:41:44 Use 0.000026 s

[ 2016-06-15T15:41:47+08:00 ] /Admin/house/index | ERR: Cron:cron_1 Runat 2016-06-15 15:41:47 Use 0.000029 s

[ 2016-06-15T15:50:51+08:00 ] /admin/house/index.html | ERR: Cron:cron_1 Runat 2016-06-15 15:50:51 Use 0.000029 s

[ 2016-06-15T15:51:32+08:00 ] /admin/house/index.html | ERR: Cron:cron_1 Runat 2016-06-15 15:51:32 Use 0.000028 s

[ 2016-06-15T15:51:35+08:00 ] /Admin/house/doedit | ERR: Cron:cron_1 Runat 2016-06-15 15:51:35 Use 0.000038 s

[ 2016-06-15T15:52:23+08:00 ] /Admin/house/edit?id=1 | ERR: Cron:cron_1 Runat 2016-06-15 15:52:23 Use 0.000026 s

[ 2016-06-15T15:52:31+08:00 ] /Admin/house/doedit | ERR: Cron:cron_1 Runat 2016-06-15 15:52:31 Use 0.000029 s

[ 2016-06-15T15:52:34+08:00 ] /Admin/house/edit?id=1 | ERR: Cron:cron_1 Runat 2016-06-15 15:52:34 Use 0.000026 s

[ 2016-06-15T15:57:08+08:00 ] /admin/house/index.html | ERR: Cron:cron_1 Runat 2016-06-15 15:57:08 Use 0.000029 s

[ 2016-06-15T15:58:19+08:00 ] /admin/house/index.html | ERR: Cron:cron_1 Runat 2016-06-15 15:58:19 Use 0.000029 s

[ 2016-06-15T15:58:38+08:00 ] /Admin/house/doedit | ERR: Cron:cron_1 Runat 2016-06-15 15:58:38 Use 0.000046 s

[ 2016-06-15T15:58:45+08:00 ] /Admin/house/edit?id=1 | ERR: Cron:cron_1 Runat 2016-06-15 15:58:45 Use 0.000029 s

[ 2016-06-15T15:58:50+08:00 ] /Admin/house/doedit | ERR: Cron:cron_1 Runat 2016-06-15 15:58:50 Use 0.000028 s

[ 2016-06-15T15:58:54+08:00 ] /admin/house/index.html | ERR: Cron:cron_1 Runat 2016-06-15 15:58:54 Use 0.000026 s

[ 2016-06-15T15:59:15+08:00 ] /admin/loan/publish.html | ERR: Cron:cron_1 Runat 2016-06-15 15:59:15 Use 0.000030 s

[ 2016-06-15T15:59:18+08:00 ] /admin/loan/repaymenting.html | ERR: Cron:cron_1 Runat 2016-06-15 15:59:18 Use 0.000047 s

[ 2016-06-15T16:00:36+08:00 ] /admin/house/index.html | ERR: Cron:cron_1 Runat 2016-06-15 16:00:36 Use 0.000028 s

[ 2016-06-15T16:01:44+08:00 ] /admin/house/index.html | ERR: Cron:cron_1 Runat 2016-06-15 16:01:44 Use 0.000027 s

[ 2016-06-15T16:02:08+08:00 ] /admin/house/index.html | ERR: Cron:cron_1 Runat 2016-06-15 16:02:08 Use 0.000029 s

[ 2016-06-15T16:02:31+08:00 ] /admin/house/index.html | ERR: Cron:cron_1 Runat 2016-06-15 16:02:31 Use 0.000028 s

[ 2016-06-15T16:02:53+08:00 ] /admin/house/index.html | ERR: Cron:cron_1 Runat 2016-06-15 16:02:53 Use 0.000028 s

[ 2016-06-15T16:03:11+08:00 ] /admin/house/index.html | ERR: Cron:cron_1 Runat 2016-06-15 16:03:11 Use 0.000031 s

[ 2016-06-15T16:03:40+08:00 ] /admin/house/index.html | ERR: Cron:cron_1 Runat 2016-06-15 16:03:40 Use 0.000027 s

[ 2016-06-15T16:03:56+08:00 ] /admin/common/member?id=349&_=1465977836711 | ERR: Cron:cron_1 Runat 2016-06-15 16:03:56 Use 0.000028 s

[ 2016-06-15T16:04:00+08:00 ] /admin/house/index.html | ERR: Cron:cron_1 Runat 2016-06-15 16:04:00 Use 0.000028 s

[ 2016-06-15T16:04:50+08:00 ] /admin/house/index.html | ERR: Cron:cron_1 Runat 2016-06-15 16:04:50 Use 0.000029 s

[ 2016-06-15T16:05:08+08:00 ] /admin/house/index.html | ERR: Cron:cron_1 Runat 2016-06-15 16:05:08 Use 0.000027 s

[ 2016-06-15T16:05:31+08:00 ] /admin/house/index.html | ERR: Cron:cron_1 Runat 2016-06-15 16:05:31 Use 0.000028 s

[ 2016-06-15T16:05:55+08:00 ] /admin/house/index.html | ERR: Cron:cron_1 Runat 2016-06-15 16:05:55 Use 0.000028 s

[ 2016-06-15T16:06:32+08:00 ] /admin/house/index.html | ERR: Cron:cron_1 Runat 2016-06-15 16:06:32 Use 0.000029 s

[ 2016-06-15T16:06:49+08:00 ] /admin/house/index.html | ERR: Cron:cron_1 Runat 2016-06-15 16:06:49 Use 0.000028 s

[ 2016-06-15T16:07:43+08:00 ] /admin/house/index.html | ERR: Cron:cron_1 Runat 2016-06-15 16:07:43 Use 0.000026 s

[ 2016-06-15T16:08:23+08:00 ] /admin/house/index.html | ERR: Cron:cron_1 Runat 2016-06-15 16:08:23 Use 0.000029 s

[ 2016-06-15T16:08:53+08:00 ] /admin/house/index.html | ERR: Cron:cron_1 Runat 2016-06-15 16:08:53 Use 0.000026 s

[ 2016-06-15T16:10:10+08:00 ] /admin/house/index.html | ERR: Cron:cron_1 Runat 2016-06-15 16:10:10 Use 0.000029 s

[ 2016-06-15T16:17:34+08:00 ] /Admin/house/edit?id=1 | ERR: Cron:cron_1 Runat 2016-06-15 16:17:34 Use 0.000032 s
Cron:cron_2 Runat 2016-06-15 16:17:34 Use -0.000012 s

[ 2016-06-15T16:17:44+08:00 ] /admin/house/index.html | ERR: Cron:cron_1 Runat 2016-06-15 16:17:44 Use 0.000029 s

[ 2016-06-15T16:17:47+08:00 ] /admin/house/index.html | ERR: Cron:cron_1 Runat 2016-06-15 16:17:47 Use 0.000058 s

[ 2016-06-15T16:17:50+08:00 ] /admin/area/index.html | ERR: Cron:cron_1 Runat 2016-06-15 16:17:50 Use 0.000038 s

[ 2016-06-15T16:18:10+08:00 ] /admin/house/index.html | ERR: Cron:cron_1 Runat 2016-06-15 16:18:10 Use 0.000029 s

[ 2016-06-15T16:18:42+08:00 ] /Admin/area/add?_=1465978722203 | ERR: Cron:cron_1 Runat 2016-06-15 16:18:42 Use 0.000033 s

[ 2016-06-15T16:18:46+08:00 ] /Admin/area/addmultiple | ERR: Cron:cron_1 Runat 2016-06-15 16:18:46 Use 0.000046 s

[ 2016-06-15T16:18:49+08:00 ] /admin/house/index.html | ERR: Cron:cron_1 Runat 2016-06-15 16:18:49 Use 0.000032 s

[ 2016-06-15T16:18:53+08:00 ] /Admin/house/edit?id=1 | ERR: Cron:cron_1 Runat 2016-06-15 16:18:53 Use 0.000026 s

[ 2016-06-15T16:19:20+08:00 ] /admin/house/index.html | ERR: Cron:cron_1 Runat 2016-06-15 16:19:20 Use 0.000028 s

[ 2016-06-15T16:20:19+08:00 ] /admin/house/index.html | ERR: Cron:cron_1 Runat 2016-06-15 16:20:19 Use 0.000028 s

[ 2016-06-15T16:35:49+08:00 ] /admin/house/index.html | ERR: Cron:cron_1 Runat 2016-06-15 16:35:49 Use 0.000029 s

[ 2016-06-15T16:36:08+08:00 ] /Admin/house/edit?id=1 | ERR: Cron:cron_1 Runat 2016-06-15 16:36:08 Use 0.000028 s

[ 2016-06-15T16:36:11+08:00 ] /admin/house/index.html | ERR: Cron:cron_1 Runat 2016-06-15 16:36:11 Use 0.000028 s

[ 2016-06-15T16:36:24+08:00 ] /admin/area/index.html | ERR: Cron:cron_1 Runat 2016-06-15 16:36:24 Use 0.000029 s

[ 2016-06-15T16:36:28+08:00 ] /admin/house/index.html | ERR: Cron:cron_1 Runat 2016-06-15 16:36:28 Use 0.000029 s

[ 2016-06-15T16:37:18+08:00 ] /admin/house/index.html | ERR: Cron:cron_1 Runat 2016-06-15 16:37:18 Use 0.000027 s

[ 2016-06-15T16:38:06+08:00 ] /admin/house/index.html | ERR: Cron:cron_1 Runat 2016-06-15 16:38:06 Use 0.000028 s

[ 2016-06-15T16:38:46+08:00 ] /admin/house/index.html | ERR: Cron:cron_1 Runat 2016-06-15 16:38:46 Use 0.000029 s

[ 2016-06-15T16:38:49+08:00 ] /admin/area/index.html | ERR: Cron:cron_1 Runat 2016-06-15 16:38:49 Use 0.000048 s

[ 2016-06-15T16:38:53+08:00 ] /admin/area/index.html | ERR: Cron:cron_1 Runat 2016-06-15 16:38:53 Use 0.000043 s

[ 2016-06-15T16:39:09+08:00 ] /admin/house/index.html | ERR: Cron:cron_1 Runat 2016-06-15 16:39:09 Use 0.000027 s

[ 2016-06-15T16:40:15+08:00 ] /admin/house/index.html | ERR: Cron:cron_1 Runat 2016-06-15 16:40:15 Use 0.000028 s

[ 2016-06-15T16:45:58+08:00 ] /admin/house/index.html | ERR: Cron:cron_1 Runat 2016-06-15 16:45:58 Use 0.000037 s

[ 2016-06-15T16:46:05+08:00 ] /admin/area/index.html | ERR: Cron:cron_1 Runat 2016-06-15 16:46:05 Use 0.000038 s

[ 2016-06-15T16:46:10+08:00 ] /admin/area/index.html | ERR: Cron:cron_1 Runat 2016-06-15 16:46:10 Use 0.000048 s

[ 2016-06-15T16:46:15+08:00 ] /admin/house/index.html | ERR: Cron:cron_1 Runat 2016-06-15 16:46:15 Use 0.000035 s

[ 2016-06-15T16:46:20+08:00 ] /admin/area/index.html | ERR: Cron:cron_1 Runat 2016-06-15 16:46:20 Use 0.000039 s

[ 2016-06-15T16:46:26+08:00 ] /admin/house/index.html | ERR: Cron:cron_1 Runat 2016-06-15 16:46:26 Use 0.000029 s

[ 2016-06-15T16:46:31+08:00 ] /admin/area/index.html | ERR: Cron:cron_1 Runat 2016-06-15 16:46:31 Use 0.000037 s

[ 2016-06-15T16:46:35+08:00 ] /admin/house/index.html | ERR: Cron:cron_1 Runat 2016-06-15 16:46:35 Use 0.000027 s

[ 2016-06-15T16:46:38+08:00 ] /admin/house/index.html | ERR: Cron:cron_1 Runat 2016-06-15 16:46:38 Use 0.000028 s

