[ 2016-06-20T09:23:35+08:00 ] /baicai/admin | ERR: Cron:cron_1 Runat 2016-06-20 09:23:35 Use 0.000212 s
Cron:cron_2 Runat 2016-06-20 09:23:35 Use -0.000012 s

[ 2016-06-20T09:25:15+08:00 ] /admin/index/login | ERR: Cron:cron_1 Runat 2016-06-20 09:25:15 Use 0.000037 s

[ 2016-06-20T09:26:04+08:00 ] /admin/house/index.html | ERR: Cron:cron_1 Runat 2016-06-20 09:26:04 Use 0.000038 s

[ 2016-06-20T09:26:06+08:00 ] /admin/area/index.html | ERR: Cron:cron_1 Runat 2016-06-20 09:26:06 Use 0.000054 s

[ 2016-06-20T09:26:16+08:00 ] /Admin/house/edit?id=1 | ERR: Cron:cron_1 Runat 2016-06-20 09:26:16 Use 0.000031 s

[ 2016-06-20T09:26:20+08:00 ] /admin/area/index.html | ERR: Cron:cron_1 Runat 2016-06-20 09:26:20 Use 0.000027 s

[ 2016-06-20T10:02:52+08:00 ] /admin/members/index.html | ERR: Cron:cron_1 Runat 2016-06-20 10:02:52 Use 0.000030 s

[ 2016-06-20T10:03:00+08:00 ] /Admin/members/index?uname=xiaoli&realname=&customer_name=&lx=&bj=&money=&start_time=&end_time= | ERR: Cron:cron_1 Runat 2016-06-20 10:03:00 Use 0.000056 s

[ 2016-06-20T10:03:05+08:00 ] /admin/common/member?id=259&_=1466388184961 | ERR: Cron:cron_1 Runat 2016-06-20 10:03:05 Use 0.000070 s

[ 2016-06-20T10:09:02+08:00 ] / | ERR: Cron:cron_1 Runat 2016-06-20 10:09:02 Use 0.000057 s

[ 2016-06-20T10:12:34+08:00 ] / | ERR: Cron:cron_1 Runat 2016-06-20 10:12:34 Use 0.000029 s

[ 2016-06-20T10:15:30+08:00 ] / | ERR: Cron:cron_1 Runat 2016-06-20 10:15:30 Use 0.000031 s

[ 2016-06-20T10:17:32+08:00 ] / | ERR: Cron:cron_1 Runat 2016-06-20 10:17:32 Use 0.000030 s

[ 2016-06-20T10:20:13+08:00 ] / | ERR: Cron:cron_1 Runat 2016-06-20 10:20:13 Use 0.000029 s

[ 2016-06-20T10:20:44+08:00 ] / | ERR: Cron:cron_1 Runat 2016-06-20 10:20:44 Use 0.000038 s

[ 2016-06-20T10:20:47+08:00 ] / | ERR: Cron:cron_1 Runat 2016-06-20 10:20:47 Use 0.000029 s

[ 2016-06-20T10:23:27+08:00 ] / | ERR: Cron:cron_1 Runat 2016-06-20 10:23:27 Use 0.000049 s

[ 2016-06-20T10:24:24+08:00 ] / | ERR: Cron:cron_1 Runat 2016-06-20 10:24:24 Use 0.000048 s

[ 2016-06-20T10:28:01+08:00 ] / | ERR: Cron:cron_1 Runat 2016-06-20 10:28:01 Use 0.000030 s

[ 2016-06-20T10:37:57+08:00 ] / | ERR: Cron:cron_1 Runat 2016-06-20 10:37:57 Use 0.000031 s

[ 2016-06-20T10:38:08+08:00 ] / | ERR: Cron:cron_1 Runat 2016-06-20 10:38:08 Use 0.000034 s

[ 2016-06-20T10:43:36+08:00 ] / | ERR: Cron:cron_1 Runat 2016-06-20 10:43:36 Use 0.000041 s

[ 2016-06-20T10:44:04+08:00 ] / | ERR: Cron:cron_1 Runat 2016-06-20 10:44:04 Use 0.000029 s

[ 2016-06-20T10:44:55+08:00 ] / | ERR: Cron:cron_1 Runat 2016-06-20 10:44:55 Use 0.000040 s

[ 2016-06-20T10:45:44+08:00 ] / | ERR: Cron:cron_1 Runat 2016-06-20 10:45:44 Use 0.000033 s

[ 2016-06-20T10:49:15+08:00 ] / | ERR: Cron:cron_1 Runat 2016-06-20 10:49:15 Use 0.000028 s

[ 2016-06-20T10:49:24+08:00 ] / | ERR: Cron:cron_1 Runat 2016-06-20 10:49:24 Use 0.000028 s

[ 2016-06-20T10:49:47+08:00 ] / | ERR: Cron:cron_1 Runat 2016-06-20 10:49:47 Use 0.000047 s

[ 2016-06-20T10:51:01+08:00 ] / | ERR: Cron:cron_1 Runat 2016-06-20 10:51:01 Use 0.000047 s

[ 2016-06-20T10:52:57+08:00 ] / | ERR: Cron:cron_1 Runat 2016-06-20 10:52:57 Use 0.000037 s

[ 2016-06-20T11:08:21+08:00 ] / | ERR: Cron:cron_1 Runat 2016-06-20 11:08:21 Use 0.000049 s

[ 2016-06-20T11:08:25+08:00 ] / | ERR: Cron:cron_1 Runat 2016-06-20 11:08:25 Use 0.000040 s

[ 2016-06-20T11:10:18+08:00 ] / | ERR: Cron:cron_1 Runat 2016-06-20 11:10:18 Use 0.000028 s

[ 2016-06-20T11:11:33+08:00 ] / | ERR: Cron:cron_1 Runat 2016-06-20 11:11:33 Use 0.000028 s

[ 2016-06-20T11:11:40+08:00 ] / | ERR: Cron:cron_1 Runat 2016-06-20 11:11:40 Use 0.000027 s

[ 2016-06-20T11:13:54+08:00 ] / | ERR: Cron:cron_1 Runat 2016-06-20 11:13:54 Use 0.000027 s

[ 2016-06-20T11:14:00+08:00 ] / | ERR: Cron:cron_1 Runat 2016-06-20 11:14:00 Use 0.000032 s

[ 2016-06-20T11:14:03+08:00 ] / | ERR: Cron:cron_1 Runat 2016-06-20 11:14:03 Use 0.000044 s

[ 2016-06-20T11:14:07+08:00 ] / | ERR: Cron:cron_1 Runat 2016-06-20 11:14:07 Use 0.000030 s

[ 2016-06-20T11:21:13+08:00 ] / | ERR: Cron:cron_1 Runat 2016-06-20 11:21:13 Use 0.000032 s

[ 2016-06-20T11:21:18+08:00 ] / | ERR: Cron:cron_1 Runat 2016-06-20 11:21:18 Use 0.000028 s

[ 2016-06-20T11:21:24+08:00 ] / | ERR: Cron:cron_1 Runat 2016-06-20 11:21:24 Use 0.000040 s

[ 2016-06-20T11:34:37+08:00 ] / | ERR: Cron:cron_1 Runat 2016-06-20 11:34:37 Use 0.000038 s

[ 2016-06-20T11:38:19+08:00 ] /admin/loan/publish.html | ERR: Cron:cron_1 Runat 2016-06-20 11:38:19 Use 0.000051 s

[ 2016-06-20T11:38:22+08:00 ] /admin/house/index.html | ERR: Cron:cron_1 Runat 2016-06-20 11:38:22 Use 0.000027 s

[ 2016-06-20T11:59:00+08:00 ] /admin/house/index.html | ERR: Cron:cron_1 Runat 2016-06-20 11:59:00 Use 0.000041 s

[ 2016-06-20T12:02:06+08:00 ] /admin/house/index.html | ERR: Cron:cron_1 Runat 2016-06-20 12:02:06 Use 0.000026 s

[ 2016-06-20T12:05:12+08:00 ] /admin/house/index.html | ERR: Cron:cron_1 Runat 2016-06-20 12:05:12 Use 0.000026 s

[ 2016-06-20T12:05:15+08:00 ] /Admin/house/edit?id=5 | ERR: Cron:cron_1 Runat 2016-06-20 12:05:15 Use 0.000030 s

[ 2016-06-20T12:07:41+08:00 ] /admin/house/index.html | ERR: Cron:cron_1 Runat 2016-06-20 12:07:41 Use 0.000026 s

[ 2016-06-20T12:08:47+08:00 ] /Admin/index/Index_menu2/images/style/style.css | ERR: Cron:cron_1 Runat 2016-06-20 12:08:47 Use 0.000052 s

[ 2016-06-20T12:09:22+08:00 ] /admin/house/index.html | ERR: Cron:cron_1 Runat 2016-06-20 12:09:22 Use 0.000026 s

[ 2016-06-20T12:10:43+08:00 ] /admin/house/index.html | ERR: Cron:cron_1 Runat 2016-06-20 12:10:43 Use 0.000026 s

[ 2016-06-20T12:14:22+08:00 ] /Admin/index/index | ERR: Cron:cron_1 Runat 2016-06-20 12:14:22 Use 0.000034 s

[ 2016-06-20T12:14:25+08:00 ] /admin/house/index.html | ERR: Cron:cron_1 Runat 2016-06-20 12:14:25 Use 0.000027 s

[ 2016-06-20T12:14:47+08:00 ] /Admin/index/Index_menu2/css/base.css | ERR: Cron:cron_1 Runat 2016-06-20 12:14:47 Use 0.000047 s

[ 2016-06-20T12:15:39+08:00 ] /admin/house/index.html | ERR: Cron:cron_1 Runat 2016-06-20 12:15:39 Use 0.000028 s

[ 2016-06-20T12:15:55+08:00 ] /admin/house/index.html | ERR: Cron:cron_1 Runat 2016-06-20 12:15:55 Use 0.000026 s

[ 2016-06-20T12:16:47+08:00 ] /admin/house/index.html | ERR: Cron:cron_1 Runat 2016-06-20 12:16:47 Use 0.000031 s

[ 2016-06-20T12:17:20+08:00 ] /admin/house/index.html | ERR: Cron:cron_1 Runat 2016-06-20 12:17:20 Use 0.000026 s

[ 2016-06-20T12:17:35+08:00 ] /admin/house/index.html | ERR: Cron:cron_1 Runat 2016-06-20 12:17:35 Use 0.000026 s

[ 2016-06-20T12:18:01+08:00 ] /admin/house/index.html | ERR: Cron:cron_1 Runat 2016-06-20 12:18:01 Use 0.000028 s

[ 2016-06-20T12:18:37+08:00 ] /admin/house/index.html | ERR: Cron:cron_1 Runat 2016-06-20 12:18:37 Use 0.000027 s

[ 2016-06-20T13:12:57+08:00 ] /admin/house/index.html | ERR: Cron:cron_1 Runat 2016-06-20 13:12:57 Use 0.000058 s

[ 2016-06-20T13:13:07+08:00 ] /admin/house/index.html | ERR: Cron:cron_1 Runat 2016-06-20 13:13:07 Use 0.000054 s

[ 2016-06-20T13:13:49+08:00 ] /admin/house/index.html | ERR: Cron:cron_1 Runat 2016-06-20 13:13:49 Use 0.000027 s

[ 2016-06-20T13:14:01+08:00 ] /admin/house/index.html | ERR: Cron:cron_1 Runat 2016-06-20 13:14:01 Use 0.000027 s

[ 2016-06-20T13:14:32+08:00 ] /admin/house/index.html | ERR: Cron:cron_1 Runat 2016-06-20 13:14:32 Use 0.000026 s

[ 2016-06-20T13:15:01+08:00 ] /admin/house/index.html | ERR: Cron:cron_1 Runat 2016-06-20 13:15:01 Use 0.000028 s

[ 2016-06-20T13:15:28+08:00 ] /admin/house/index.html | ERR: Cron:cron_1 Runat 2016-06-20 13:15:28 Use 0.000027 s

[ 2016-06-20T13:15:41+08:00 ] /admin/house/index.html | ERR: Cron:cron_1 Runat 2016-06-20 13:15:41 Use 0.000059 s

[ 2016-06-20T13:16:29+08:00 ] /admin/house/index.html | ERR: Cron:cron_1 Runat 2016-06-20 13:16:29 Use 0.000027 s

[ 2016-06-20T13:17:29+08:00 ] /admin/house/index.html | ERR: Cron:cron_1 Runat 2016-06-20 13:17:29 Use 0.000027 s

[ 2016-06-20T13:20:34+08:00 ] / | ERR: Cron:cron_1 Runat 2016-06-20 13:20:34 Use 0.000027 s

[ 2016-06-20T13:21:14+08:00 ] / | ERR: Cron:cron_1 Runat 2016-06-20 13:21:14 Use 0.000027 s

[ 2016-06-20T13:24:38+08:00 ] / | ERR: Cron:cron_1 Runat 2016-06-20 13:24:38 Use 0.000027 s

[ 2016-06-20T13:24:58+08:00 ] / | ERR: Cron:cron_1 Runat 2016-06-20 13:24:58 Use 0.000027 s

[ 2016-06-20T13:25:01+08:00 ] / | ERR: Cron:cron_1 Runat 2016-06-20 13:25:01 Use 0.000031 s

[ 2016-06-20T13:25:21+08:00 ] / | ERR: Cron:cron_1 Runat 2016-06-20 13:25:21 Use 0.000025 s

[ 2016-06-20T13:25:43+08:00 ] / | ERR: Cron:cron_1 Runat 2016-06-20 13:25:43 Use 0.000027 s

[ 2016-06-20T13:25:47+08:00 ] / | ERR: Cron:cron_1 Runat 2016-06-20 13:25:47 Use 0.000026 s

[ 2016-06-20T13:26:17+08:00 ] /admin/house/index.html | ERR: Cron:cron_1 Runat 2016-06-20 13:26:17 Use 0.000027 s

[ 2016-06-20T13:26:21+08:00 ] /admin/house/index.html | ERR: Cron:cron_1 Runat 2016-06-20 13:26:21 Use 0.000027 s

[ 2016-06-20T13:26:24+08:00 ] /admin/house/index.html | ERR: Cron:cron_1 Runat 2016-06-20 13:26:24 Use 0.000033 s

[ 2016-06-20T13:26:28+08:00 ] /admin/house/index.html | ERR: Cron:cron_1 Runat 2016-06-20 13:26:28 Use 0.000027 s

[ 2016-06-20T13:26:54+08:00 ] / | ERR: Cron:cron_1 Runat 2016-06-20 13:26:54 Use 0.000027 s

[ 2016-06-20T13:27:12+08:00 ] / | ERR: Cron:cron_1 Runat 2016-06-20 13:27:12 Use 0.000026 s

[ 2016-06-20T13:27:32+08:00 ] / | ERR: Cron:cron_1 Runat 2016-06-20 13:27:32 Use 0.000026 s

[ 2016-06-20T13:27:47+08:00 ] / | ERR: Cron:cron_1 Runat 2016-06-20 13:27:47 Use 0.000026 s

[ 2016-06-20T13:27:59+08:00 ] / | ERR: Cron:cron_1 Runat 2016-06-20 13:27:59 Use 0.000027 s

[ 2016-06-20T13:28:14+08:00 ] / | ERR: Cron:cron_1 Runat 2016-06-20 13:28:14 Use 0.000026 s

[ 2016-06-20T13:30:53+08:00 ] /admin/house/index.html | ERR: Cron:cron_1 Runat 2016-06-20 13:30:53 Use 0.000028 s

[ 2016-06-20T13:30:57+08:00 ] /admin/area/index.html | ERR: Cron:cron_1 Runat 2016-06-20 13:30:57 Use 0.000030 s

[ 2016-06-20T13:32:22+08:00 ] / | ERR: Cron:cron_1 Runat 2016-06-20 13:32:22 Use 0.000028 s

[ 2016-06-20T13:32:26+08:00 ] / | ERR: Cron:cron_1 Runat 2016-06-20 13:32:26 Use 0.000028 s

[ 2016-06-20T13:34:32+08:00 ] / | ERR: Cron:cron_1 Runat 2016-06-20 13:34:32 Use 0.000027 s

[ 2016-06-20T13:34:38+08:00 ] / | ERR: Cron:cron_1 Runat 2016-06-20 13:34:38 Use 0.000031 s

[ 2016-06-20T13:34:47+08:00 ] / | ERR: Cron:cron_1 Runat 2016-06-20 13:34:47 Use 0.000026 s

[ 2016-06-20T13:35:09+08:00 ] / | ERR: Cron:cron_1 Runat 2016-06-20 13:35:09 Use 0.000028 s

[ 2016-06-20T13:35:28+08:00 ] / | ERR: Cron:cron_1 Runat 2016-06-20 13:35:28 Use 0.000027 s

[ 2016-06-20T13:39:55+08:00 ] / | ERR: Cron:cron_1 Runat 2016-06-20 13:39:55 Use 0.000035 s

[ 2016-06-20T13:40:00+08:00 ] / | ERR: Cron:cron_1 Runat 2016-06-20 13:40:00 Use 0.000033 s

[ 2016-06-20T13:40:03+08:00 ] / | ERR: Cron:cron_1 Runat 2016-06-20 13:40:03 Use 0.000033 s

[ 2016-06-20T13:40:33+08:00 ] /admin/house/index.html | ERR: Cron:cron_1 Runat 2016-06-20 13:40:33 Use 0.000064 s

[ 2016-06-20T13:40:39+08:00 ] /admin/house/index.html | ERR: Cron:cron_1 Runat 2016-06-20 13:40:39 Use 0.000028 s

[ 2016-06-20T13:44:01+08:00 ] /admin/area/index.html | ERR: Cron:cron_1 Runat 2016-06-20 13:44:01 Use 0.000029 s

[ 2016-06-20T13:44:22+08:00 ] / | ERR: Cron:cron_1 Runat 2016-06-20 13:44:22 Use 0.000035 s

[ 2016-06-20T13:52:01+08:00 ] / | ERR: Cron:cron_1 Runat 2016-06-20 13:52:01 Use 0.000046 s

[ 2016-06-20T15:07:43+08:00 ] / | ERR: Cron:cron_1 Runat 2016-06-20 15:07:43 Use 0.000033 s

[ 2016-06-20T15:08:04+08:00 ] / | ERR: Cron:cron_1 Runat 2016-06-20 15:08:04 Use 0.000029 s

[ 2016-06-20T15:12:24+08:00 ] / | ERR: Cron:cron_1 Runat 2016-06-20 15:12:24 Use 0.000047 s

[ 2016-06-20T15:15:11+08:00 ] / | ERR: Cron:cron_1 Runat 2016-06-20 15:15:11 Use 0.000027 s

[ 2016-06-20T15:16:13+08:00 ] / | ERR: Cron:cron_1 Runat 2016-06-20 15:16:13 Use 0.000030 s

[ 2016-06-20T15:21:44+08:00 ] / | ERR: Cron:cron_1 Runat 2016-06-20 15:21:44 Use 0.000122 s

[ 2016-06-20T15:21:48+08:00 ] / | ERR: Cron:cron_1 Runat 2016-06-20 15:21:48 Use 0.000037 s

[ 2016-06-20T15:21:51+08:00 ] / | ERR: Cron:cron_1 Runat 2016-06-20 15:21:51 Use 0.000028 s

[ 2016-06-20T15:28:44+08:00 ] / | ERR: Cron:cron_1 Runat 2016-06-20 15:28:44 Use 0.000029 s

[ 2016-06-20T15:29:25+08:00 ] / | ERR: Cron:cron_1 Runat 2016-06-20 15:29:25 Use 0.000031 s

[ 2016-06-20T15:29:39+08:00 ] / | ERR: Cron:cron_1 Runat 2016-06-20 15:29:39 Use 0.000033 s

[ 2016-06-20T15:30:09+08:00 ] / | ERR: Cron:cron_1 Runat 2016-06-20 15:30:09 Use 0.000027 s

[ 2016-06-20T15:30:23+08:00 ] / | ERR: Cron:cron_1 Runat 2016-06-20 15:30:23 Use 0.000031 s

[ 2016-06-20T15:30:38+08:00 ] / | ERR: Cron:cron_1 Runat 2016-06-20 15:30:38 Use 0.000030 s

[ 2016-06-20T15:31:54+08:00 ] / | ERR: Cron:cron_1 Runat 2016-06-20 15:31:54 Use 0.000040 s

[ 2016-06-20T15:32:36+08:00 ] / | ERR: Cron:cron_1 Runat 2016-06-20 15:32:36 Use 0.000028 s

[ 2016-06-20T15:32:43+08:00 ] / | ERR: Cron:cron_1 Runat 2016-06-20 15:32:43 Use 0.000029 s

[ 2016-06-20T15:33:39+08:00 ] / | ERR: Cron:cron_1 Runat 2016-06-20 15:33:39 Use 0.000027 s

[ 2016-06-20T15:34:06+08:00 ] / | ERR: Cron:cron_1 Runat 2016-06-20 15:34:06 Use 0.000029 s

[ 2016-06-20T15:35:04+08:00 ] / | ERR: Cron:cron_1 Runat 2016-06-20 15:35:04 Use 0.000042 s

[ 2016-06-20T15:35:43+08:00 ] / | ERR: Cron:cron_1 Runat 2016-06-20 15:35:43 Use 0.000041 s

[ 2016-06-20T15:40:10+08:00 ] / | ERR: Cron:cron_1 Runat 2016-06-20 15:40:10 Use 0.000029 s

[ 2016-06-20T15:40:17+08:00 ] / | ERR: Cron:cron_1 Runat 2016-06-20 15:40:17 Use 0.000041 s

[ 2016-06-20T15:40:31+08:00 ] / | ERR: Cron:cron_1 Runat 2016-06-20 15:40:31 Use 0.000030 s

[ 2016-06-20T15:41:19+08:00 ] / | ERR: Cron:cron_1 Runat 2016-06-20 15:41:19 Use 0.000034 s

[ 2016-06-20T15:41:31+08:00 ] / | ERR: Cron:cron_1 Runat 2016-06-20 15:41:31 Use 0.000037 s

[ 2016-06-20T15:43:11+08:00 ] / | ERR: Cron:cron_1 Runat 2016-06-20 15:43:11 Use 0.000054 s

[ 2016-06-20T15:43:47+08:00 ] / | ERR: Cron:cron_1 Runat 2016-06-20 15:43:47 Use 0.000032 s

[ 2016-06-20T15:44:53+08:00 ] / | ERR: Cron:cron_1 Runat 2016-06-20 15:44:53 Use 0.000028 s

[ 2016-06-20T15:45:19+08:00 ] / | ERR: Cron:cron_1 Runat 2016-06-20 15:45:19 Use 0.000031 s

[ 2016-06-20T15:46:00+08:00 ] / | ERR: Cron:cron_1 Runat 2016-06-20 15:46:00 Use 0.000041 s

[ 2016-06-20T15:46:19+08:00 ] / | ERR: Cron:cron_1 Runat 2016-06-20 15:46:19 Use 0.000029 s

[ 2016-06-20T15:46:25+08:00 ] / | ERR: Cron:cron_1 Runat 2016-06-20 15:46:25 Use 0.000031 s

[ 2016-06-20T15:46:49+08:00 ] / | ERR: Cron:cron_1 Runat 2016-06-20 15:46:49 Use 0.000034 s

[ 2016-06-20T15:47:17+08:00 ] / | ERR: Cron:cron_1 Runat 2016-06-20 15:47:17 Use 0.000030 s

[ 2016-06-20T15:47:47+08:00 ] / | ERR: Cron:cron_1 Runat 2016-06-20 15:47:47 Use 0.000028 s

[ 2016-06-20T15:48:31+08:00 ] / | ERR: Cron:cron_1 Runat 2016-06-20 15:48:31 Use 0.000040 s

[ 2016-06-20T15:49:36+08:00 ] / | ERR: Cron:cron_1 Runat 2016-06-20 15:49:36 Use 0.000029 s

[ 2016-06-20T15:50:08+08:00 ] / | ERR: Cron:cron_1 Runat 2016-06-20 15:50:08 Use 0.000027 s

[ 2016-06-20T15:50:16+08:00 ] / | ERR: Cron:cron_1 Runat 2016-06-20 15:50:16 Use 0.000035 s

[ 2016-06-20T15:50:45+08:00 ] / | ERR: Cron:cron_1 Runat 2016-06-20 15:50:45 Use 0.000029 s

[ 2016-06-20T15:51:09+08:00 ] / | ERR: Cron:cron_1 Runat 2016-06-20 15:51:09 Use 0.000054 s

[ 2016-06-20T15:51:28+08:00 ] / | ERR: Cron:cron_1 Runat 2016-06-20 15:51:28 Use 0.000044 s

[ 2016-06-20T15:51:53+08:00 ] / | ERR: Cron:cron_1 Runat 2016-06-20 15:51:53 Use 0.000054 s

[ 2016-06-20T15:52:08+08:00 ] / | ERR: Cron:cron_1 Runat 2016-06-20 15:52:08 Use 0.000029 s

[ 2016-06-20T15:52:56+08:00 ] / | ERR: Cron:cron_1 Runat 2016-06-20 15:52:56 Use 0.000031 s

[ 2016-06-20T15:53:15+08:00 ] / | ERR: Cron:cron_1 Runat 2016-06-20 15:53:15 Use 0.000048 s

[ 2016-06-20T15:53:49+08:00 ] / | ERR: Cron:cron_1 Runat 2016-06-20 15:53:49 Use 0.000042 s

[ 2016-06-20T15:54:38+08:00 ] / | ERR: Cron:cron_1 Runat 2016-06-20 15:54:38 Use 0.000029 s

[ 2016-06-20T15:55:17+08:00 ] / | ERR: Cron:cron_1 Runat 2016-06-20 15:55:17 Use 0.000039 s

[ 2016-06-20T15:59:11+08:00 ] / | ERR: Cron:cron_1 Runat 2016-06-20 15:59:11 Use 0.000029 s

[ 2016-06-20T15:59:32+08:00 ] / | ERR: Cron:cron_1 Runat 2016-06-20 15:59:32 Use 0.000033 s

[ 2016-06-20T16:00:49+08:00 ] / | ERR: Cron:cron_1 Runat 2016-06-20 16:00:49 Use 0.000064 s

[ 2016-06-20T16:01:33+08:00 ] / | ERR: Cron:cron_1 Runat 2016-06-20 16:01:33 Use 0.000029 s

[ 2016-06-20T16:01:42+08:00 ] / | ERR: Cron:cron_1 Runat 2016-06-20 16:01:42 Use 0.000044 s

[ 2016-06-20T16:01:58+08:00 ] / | ERR: Cron:cron_1 Runat 2016-06-20 16:01:58 Use 0.000033 s

[ 2016-06-20T16:02:35+08:00 ] / | ERR: Cron:cron_1 Runat 2016-06-20 16:02:35 Use 0.000029 s

[ 2016-06-20T16:02:56+08:00 ] / | ERR: Cron:cron_1 Runat 2016-06-20 16:02:56 Use 0.000029 s

[ 2016-06-20T16:11:30+08:00 ] / | ERR: Cron:cron_1 Runat 2016-06-20 16:11:30 Use 0.000029 s

[ 2016-06-20T16:13:14+08:00 ] / | ERR: Cron:cron_1 Runat 2016-06-20 16:13:14 Use 0.000029 s

[ 2016-06-20T16:14:45+08:00 ] / | ERR: Cron:cron_1 Runat 2016-06-20 16:14:45 Use 0.000028 s

[ 2016-06-20T16:14:59+08:00 ] / | ERR: Cron:cron_1 Runat 2016-06-20 16:14:59 Use 0.000029 s

[ 2016-06-20T16:15:11+08:00 ] / | ERR: Cron:cron_1 Runat 2016-06-20 16:15:11 Use 0.000039 s

[ 2016-06-20T16:15:25+08:00 ] / | ERR: Cron:cron_1 Runat 2016-06-20 16:15:25 Use 0.000040 s

[ 2016-06-20T16:16:01+08:00 ] / | ERR: Cron:cron_1 Runat 2016-06-20 16:16:01 Use 0.000029 s

[ 2016-06-20T16:16:06+08:00 ] / | ERR: Cron:cron_1 Runat 2016-06-20 16:16:06 Use 0.000029 s

[ 2016-06-20T16:16:21+08:00 ] / | ERR: Cron:cron_1 Runat 2016-06-20 16:16:21 Use 0.000030 s

[ 2016-06-20T16:16:24+08:00 ] / | ERR: Cron:cron_1 Runat 2016-06-20 16:16:24 Use 0.000028 s

[ 2016-06-20T16:16:38+08:00 ] / | ERR: Cron:cron_1 Runat 2016-06-20 16:16:38 Use 0.000042 s

[ 2016-06-20T16:17:30+08:00 ] / | ERR: Cron:cron_1 Runat 2016-06-20 16:17:30 Use 0.000043 s

[ 2016-06-20T16:17:32+08:00 ] / | ERR: Cron:cron_1 Runat 2016-06-20 16:17:32 Use 0.000042 s

[ 2016-06-20T16:17:38+08:00 ] / | ERR: Cron:cron_1 Runat 2016-06-20 16:17:38 Use 0.000031 s

[ 2016-06-20T16:18:08+08:00 ] / | ERR: Cron:cron_1 Runat 2016-06-20 16:18:08 Use 0.000029 s

[ 2016-06-20T16:18:24+08:00 ] / | ERR: Cron:cron_1 Runat 2016-06-20 16:18:24 Use 0.000027 s

[ 2016-06-20T16:18:36+08:00 ] / | ERR: Cron:cron_1 Runat 2016-06-20 16:18:36 Use 0.000031 s

[ 2016-06-20T16:20:15+08:00 ] / | ERR: Cron:cron_1 Runat 2016-06-20 16:20:15 Use 0.000042 s

[ 2016-06-20T16:20:56+08:00 ] / | ERR: Cron:cron_1 Runat 2016-06-20 16:20:56 Use 0.000029 s

[ 2016-06-20T16:21:05+08:00 ] / | ERR: Cron:cron_1 Runat 2016-06-20 16:21:05 Use 0.000034 s

[ 2016-06-20T16:22:39+08:00 ] / | ERR: Cron:cron_1 Runat 2016-06-20 16:22:39 Use 0.000042 s

[ 2016-06-20T16:23:18+08:00 ] / | ERR: Cron:cron_1 Runat 2016-06-20 16:23:18 Use 0.000028 s

[ 2016-06-20T16:23:24+08:00 ] / | ERR: Cron:cron_1 Runat 2016-06-20 16:23:24 Use 0.000037 s

[ 2016-06-20T16:24:04+08:00 ] / | ERR: Cron:cron_1 Runat 2016-06-20 16:24:04 Use 0.000036 s

[ 2016-06-20T16:25:54+08:00 ] / | ERR: Cron:cron_1 Runat 2016-06-20 16:25:54 Use 0.000042 s

[ 2016-06-20T16:26:05+08:00 ] / | ERR: Cron:cron_1 Runat 2016-06-20 16:26:05 Use 0.000030 s

[ 2016-06-20T16:26:13+08:00 ] / | ERR: Cron:cron_1 Runat 2016-06-20 16:26:13 Use 0.000027 s

[ 2016-06-20T16:26:28+08:00 ] / | ERR: Cron:cron_1 Runat 2016-06-20 16:26:28 Use 0.000028 s

[ 2016-06-20T16:26:42+08:00 ] / | ERR: Cron:cron_1 Runat 2016-06-20 16:26:42 Use 0.000028 s

[ 2016-06-20T16:26:51+08:00 ] / | ERR: Cron:cron_1 Runat 2016-06-20 16:26:51 Use 0.000045 s

[ 2016-06-20T16:27:00+08:00 ] / | ERR: Cron:cron_1 Runat 2016-06-20 16:27:00 Use 0.000035 s

[ 2016-06-20T16:27:05+08:00 ] / | ERR: Cron:cron_1 Runat 2016-06-20 16:27:05 Use 0.000028 s

[ 2016-06-20T16:27:55+08:00 ] / | ERR: Cron:cron_1 Runat 2016-06-20 16:27:55 Use 0.000030 s

[ 2016-06-20T16:29:13+08:00 ] / | ERR: Cron:cron_1 Runat 2016-06-20 16:29:13 Use 0.000029 s

[ 2016-06-20T16:29:20+08:00 ] / | ERR: Cron:cron_1 Runat 2016-06-20 16:29:20 Use 0.000030 s

[ 2016-06-20T16:29:57+08:00 ] / | ERR: Cron:cron_1 Runat 2016-06-20 16:29:57 Use 0.000030 s

[ 2016-06-20T16:32:40+08:00 ] / | ERR: Cron:cron_1 Runat 2016-06-20 16:32:40 Use 0.000039 s

[ 2016-06-20T16:33:01+08:00 ] / | ERR: Cron:cron_1 Runat 2016-06-20 16:33:01 Use 0.000034 s

[ 2016-06-20T16:33:38+08:00 ] / | ERR: Cron:cron_1 Runat 2016-06-20 16:33:38 Use 0.000042 s

[ 2016-06-20T16:33:41+08:00 ] / | ERR: Cron:cron_1 Runat 2016-06-20 16:33:41 Use 0.000052 s

[ 2016-06-20T16:35:32+08:00 ] / | ERR: Cron:cron_1 Runat 2016-06-20 16:35:32 Use 0.000036 s

[ 2016-06-20T16:35:41+08:00 ] / | ERR: Cron:cron_1 Runat 2016-06-20 16:35:41 Use 0.000036 s

[ 2016-06-20T16:36:38+08:00 ] / | ERR: Cron:cron_1 Runat 2016-06-20 16:36:38 Use 0.000029 s

[ 2016-06-20T16:38:58+08:00 ] / | ERR: Cron:cron_1 Runat 2016-06-20 16:38:58 Use 0.000034 s

[ 2016-06-20T16:39:21+08:00 ] / | ERR: Cron:cron_1 Runat 2016-06-20 16:39:21 Use 0.000029 s

[ 2016-06-20T16:39:50+08:00 ] / | ERR: Cron:cron_1 Runat 2016-06-20 16:39:50 Use 0.000028 s

[ 2016-06-20T16:40:15+08:00 ] / | ERR: Cron:cron_1 Runat 2016-06-20 16:40:15 Use 0.000027 s

[ 2016-06-20T16:40:26+08:00 ] / | ERR: Cron:cron_1 Runat 2016-06-20 16:40:26 Use 0.000039 s

[ 2016-06-20T16:40:29+08:00 ] / | ERR: Cron:cron_1 Runat 2016-06-20 16:40:29 Use 0.000026 s

[ 2016-06-20T16:40:33+08:00 ] / | ERR: Cron:cron_1 Runat 2016-06-20 16:40:33 Use 0.000026 s

[ 2016-06-20T16:40:50+08:00 ] / | ERR: Cron:cron_1 Runat 2016-06-20 16:40:50 Use 0.000027 s

[ 2016-06-20T16:41:40+08:00 ] / | ERR: Cron:cron_1 Runat 2016-06-20 16:41:40 Use 0.000029 s

[ 2016-06-20T16:49:21+08:00 ] / | ERR: Cron:cron_1 Runat 2016-06-20 16:49:21 Use 0.000028 s

[ 2016-06-20T16:49:25+08:00 ] / | ERR: Cron:cron_1 Runat 2016-06-20 16:49:25 Use 0.000029 s

