[ 2016-06-22T09:11:53+08:00 ] /m/admin | ERR: Cron:cron_1 Runat 2016-06-22 09:11:53 Use 0.000230 s

[ 2016-06-22T09:12:39+08:00 ] /m/admin | ERR: Cron:cron_1 Runat 2016-06-22 09:12:39 Use 0.000040 s

[ 2016-06-22T09:13:13+08:00 ] /m/admin | ERR: Cron:cron_1 Runat 2016-06-22 09:13:13 Use 0.000029 s

[ 2016-06-22T09:14:27+08:00 ] /m/admin | ERR: Cron:cron_1 Runat 2016-06-22 09:14:27 Use 0.000026 s

[ 2016-06-22T09:15:05+08:00 ] /m/admin | ERR: Cron:cron_1 Runat 2016-06-22 09:15:05 Use 0.000027 s

[ 2016-06-22T09:21:16+08:00 ] /M/index/index.html | ERR: Cron:cron_1 Runat 2016-06-22 09:21:16 Use 0.000029 s

[ 2016-06-22T09:21:21+08:00 ] /M/loaninvest/index.html | ERR: Cron:cron_1 Runat 2016-06-22 09:21:21 Use 0.000030 s

[ 2016-06-22T09:22:59+08:00 ] /M/index/index.html | ERR: Cron:cron_1 Runat 2016-06-22 09:22:59 Use 0.000030 s

[ 2016-06-22T09:56:27+08:00 ] /M/loaninvest/index.html | ERR: Cron:cron_1 Runat 2016-06-22 09:56:27 Use 0.000029 s
Cron:cron_2 Runat 2016-06-22 09:56:27 Use -0.000011 s

[ 2016-06-22T09:56:30+08:00 ] /M/loaninvest/index.html | ERR: Cron:cron_1 Runat 2016-06-22 09:56:30 Use 0.000028 s

[ 2016-06-22T09:56:41+08:00 ] /M/loaninvest/index.html | ERR: Cron:cron_1 Runat 2016-06-22 09:56:41 Use 0.000033 s

[ 2016-06-22T09:57:09+08:00 ] /M/loaninvest/index.html | ERR: Cron:cron_1 Runat 2016-06-22 09:57:09 Use 0.000029 s

[ 2016-06-22T09:58:53+08:00 ] /M/loaninvest/index.html | ERR: Cron:cron_1 Runat 2016-06-22 09:58:53 Use 0.000029 s

[ 2016-06-22T09:59:05+08:00 ] /M/loaninvest/index.html | ERR: Cron:cron_1 Runat 2016-06-22 09:59:05 Use 0.000031 s

[ 2016-06-22T09:59:21+08:00 ] /M/loaninvest/index.html | ERR: Cron:cron_1 Runat 2016-06-22 09:59:21 Use 0.000029 s

[ 2016-06-22T10:03:14+08:00 ] /M/index/index.html | ERR: Cron:cron_1 Runat 2016-06-22 10:03:14 Use 0.000034 s

[ 2016-06-22T10:04:32+08:00 ] /M/loaninvest/index.html | ERR: Cron:cron_1 Runat 2016-06-22 10:04:32 Use 0.000046 s

[ 2016-06-22T10:04:35+08:00 ] /M/index/index.html | ERR: Cron:cron_1 Runat 2016-06-22 10:04:35 Use 0.000028 s

[ 2016-06-22T10:04:46+08:00 ] /M/loaninvest/index.html | ERR: Cron:cron_1 Runat 2016-06-22 10:04:46 Use 0.000029 s

[ 2016-06-22T10:04:58+08:00 ] /M/loaninvest/index.html | ERR: Cron:cron_1 Runat 2016-06-22 10:04:58 Use 0.000049 s

[ 2016-06-22T10:05:00+08:00 ] /M/loaninvest/index.html | ERR: Cron:cron_1 Runat 2016-06-22 10:05:00 Use 0.000030 s

[ 2016-06-22T10:05:06+08:00 ] /M/admin | ERR: Cron:cron_1 Runat 2016-06-22 10:05:06 Use 0.000077 s

[ 2016-06-22T10:05:12+08:00 ] /M/admin/total | ERR: Cron:cron_1 Runat 2016-06-22 10:05:12 Use 0.000038 s

[ 2016-06-22T10:05:18+08:00 ] /M/admin/total | ERR: Cron:cron_1 Runat 2016-06-22 10:05:18 Use 0.000029 s

[ 2016-06-22T10:37:42+08:00 ] /M/admin/total | ERR: Cron:cron_1 Runat 2016-06-22 10:37:42 Use 0.000027 s

[ 2016-06-22T10:37:59+08:00 ] /M/admin/total | ERR: Cron:cron_1 Runat 2016-06-22 10:37:59 Use 0.000028 s

[ 2016-06-22T10:38:35+08:00 ] /M/admin/total | ERR: Cron:cron_1 Runat 2016-06-22 10:38:35 Use 0.000029 s

[ 2016-06-22T10:40:34+08:00 ] /M/admin/total | ERR: Cron:cron_1 Runat 2016-06-22 10:40:34 Use 0.000029 s

[ 2016-06-22T10:40:51+08:00 ] /M/admin/total | ERR: Cron:cron_1 Runat 2016-06-22 10:40:51 Use 0.000028 s

[ 2016-06-22T10:41:18+08:00 ] /M/admin/total | ERR: Cron:cron_1 Runat 2016-06-22 10:41:18 Use 0.000028 s

[ 2016-06-22T10:41:35+08:00 ] /M/admin/total | ERR: Cron:cron_1 Runat 2016-06-22 10:41:35 Use 0.000027 s

[ 2016-06-22T10:41:48+08:00 ] /M/admin/total | ERR: Cron:cron_1 Runat 2016-06-22 10:41:48 Use 0.000028 s

[ 2016-06-22T10:41:59+08:00 ] /M/admin/total | ERR: Cron:cron_1 Runat 2016-06-22 10:41:59 Use 0.000028 s

[ 2016-06-22T10:42:11+08:00 ] /M/admin/total | ERR: Cron:cron_1 Runat 2016-06-22 10:42:11 Use 0.000028 s

[ 2016-06-22T10:42:40+08:00 ] /M/admin/total | ERR: Cron:cron_1 Runat 2016-06-22 10:42:40 Use 0.000028 s

[ 2016-06-22T11:08:46+08:00 ] /M/admin/total | ERR: Cron:cron_1 Runat 2016-06-22 11:08:46 Use 0.000028 s

[ 2016-06-22T11:09:09+08:00 ] /M/admin/total | ERR: Cron:cron_1 Runat 2016-06-22 11:09:09 Use 0.000028 s

[ 2016-06-22T11:09:24+08:00 ] / | ERR: Cron:cron_1 Runat 2016-06-22 11:09:24 Use 0.000034 s

[ 2016-06-22T11:10:03+08:00 ] /M/admin/total | ERR: Cron:cron_1 Runat 2016-06-22 11:10:03 Use 0.000028 s

[ 2016-06-22T11:10:49+08:00 ] /M/admin/total | ERR: Cron:cron_1 Runat 2016-06-22 11:10:49 Use 0.000027 s

[ 2016-06-22T11:11:19+08:00 ] /M/admin/total | ERR: Cron:cron_1 Runat 2016-06-22 11:11:19 Use 0.000029 s

[ 2016-06-22T11:11:28+08:00 ] /M/admin/total | ERR: Cron:cron_1 Runat 2016-06-22 11:11:28 Use 0.000027 s

[ 2016-06-22T11:11:41+08:00 ] /M/admin/total | ERR: Cron:cron_1 Runat 2016-06-22 11:11:41 Use 0.000029 s

[ 2016-06-22T11:12:25+08:00 ] /M/admin/total | ERR: Cron:cron_1 Runat 2016-06-22 11:12:25 Use 0.000028 s

[ 2016-06-22T11:12:39+08:00 ] /M/admin/total | ERR: Cron:cron_1 Runat 2016-06-22 11:12:39 Use 0.000029 s

[ 2016-06-22T11:13:32+08:00 ] /M/admin/total | ERR: Cron:cron_1 Runat 2016-06-22 11:13:32 Use 0.000028 s

[ 2016-06-22T11:16:03+08:00 ] /M/admin/total | ERR: Cron:cron_1 Runat 2016-06-22 11:16:03 Use 0.000027 s

[ 2016-06-22T11:16:25+08:00 ] /M/admin/total | ERR: Cron:cron_1 Runat 2016-06-22 11:16:25 Use 0.000027 s

[ 2016-06-22T11:16:43+08:00 ] /M/admin/total | ERR: Cron:cron_1 Runat 2016-06-22 11:16:43 Use 0.000027 s

[ 2016-06-22T11:17:17+08:00 ] /M/admin/total | ERR: Cron:cron_1 Runat 2016-06-22 11:17:17 Use 0.000028 s

[ 2016-06-22T11:18:15+08:00 ] /M/admin/total | ERR: Cron:cron_1 Runat 2016-06-22 11:18:15 Use 0.000028 s

[ 2016-06-22T11:18:32+08:00 ] /M/admin/total | ERR: Cron:cron_1 Runat 2016-06-22 11:18:32 Use 0.000027 s

[ 2016-06-22T11:18:58+08:00 ] /M/admin/total | ERR: Cron:cron_1 Runat 2016-06-22 11:18:58 Use 0.000041 s

[ 2016-06-22T11:20:12+08:00 ] /M/admin/total | ERR: Cron:cron_1 Runat 2016-06-22 11:20:12 Use 0.000029 s

[ 2016-06-22T11:20:28+08:00 ] /M/admin/total | ERR: Cron:cron_1 Runat 2016-06-22 11:20:28 Use 0.000028 s

[ 2016-06-22T11:21:07+08:00 ] /M/admin/total | ERR: Cron:cron_1 Runat 2016-06-22 11:21:07 Use 0.000028 s

[ 2016-06-22T11:21:35+08:00 ] /M/admin/total | ERR: Cron:cron_1 Runat 2016-06-22 11:21:35 Use 0.000029 s

[ 2016-06-22T11:23:06+08:00 ] /M/admin/total | ERR: Cron:cron_1 Runat 2016-06-22 11:23:06 Use 0.000046 s

[ 2016-06-22T11:24:30+08:00 ] /M/admin/total | ERR: Cron:cron_1 Runat 2016-06-22 11:24:30 Use 0.000028 s

[ 2016-06-22T11:25:10+08:00 ] /M/admin/total | ERR: Cron:cron_1 Runat 2016-06-22 11:25:10 Use 0.000027 s

[ 2016-06-22T11:26:11+08:00 ] /M/admin/total | ERR: Cron:cron_1 Runat 2016-06-22 11:26:11 Use 0.000028 s

[ 2016-06-22T11:27:50+08:00 ] /M/admin/total | ERR: Cron:cron_1 Runat 2016-06-22 11:27:50 Use 0.000029 s

[ 2016-06-22T11:28:18+08:00 ] /M/admin/total | ERR: Cron:cron_1 Runat 2016-06-22 11:28:18 Use 0.000027 s

[ 2016-06-22T11:28:56+08:00 ] /M/admin/total | ERR: Cron:cron_1 Runat 2016-06-22 11:28:56 Use 0.000029 s

[ 2016-06-22T11:29:13+08:00 ] /M/admin/total | ERR: Cron:cron_1 Runat 2016-06-22 11:29:13 Use 0.000027 s

[ 2016-06-22T11:29:55+08:00 ] /M/admin/total | ERR: Cron:cron_1 Runat 2016-06-22 11:29:55 Use 0.000032 s

[ 2016-06-22T11:30:23+08:00 ] /M/admin/total | ERR: Cron:cron_1 Runat 2016-06-22 11:30:23 Use 0.000028 s

[ 2016-06-22T11:32:03+08:00 ] /M/admin/total | ERR: Cron:cron_1 Runat 2016-06-22 11:32:03 Use 0.000029 s

[ 2016-06-22T11:32:06+08:00 ] /M/admin/total | ERR: Cron:cron_1 Runat 2016-06-22 11:32:06 Use 0.000057 s

[ 2016-06-22T11:32:13+08:00 ] /M/admin/total | ERR: Cron:cron_1 Runat 2016-06-22 11:32:13 Use 0.000028 s

[ 2016-06-22T11:33:43+08:00 ] /M/admin/total | ERR: Cron:cron_1 Runat 2016-06-22 11:33:43 Use 0.000032 s

[ 2016-06-22T11:36:54+08:00 ] /M/admin/total | ERR: Cron:cron_1 Runat 2016-06-22 11:36:54 Use 0.000028 s

[ 2016-06-22T11:37:40+08:00 ] /M/admin/total | ERR: Cron:cron_1 Runat 2016-06-22 11:37:40 Use 0.000029 s

[ 2016-06-22T11:39:53+08:00 ] /M/admin/total | ERR: Cron:cron_1 Runat 2016-06-22 11:39:53 Use 0.000029 s

[ 2016-06-22T11:41:19+08:00 ] /M/admin/total | ERR: Cron:cron_1 Runat 2016-06-22 11:41:19 Use 0.000028 s

[ 2016-06-22T11:41:34+08:00 ] /M/admin/total | ERR: Cron:cron_1 Runat 2016-06-22 11:41:34 Use 0.000032 s

[ 2016-06-22T11:42:07+08:00 ] /M/admin/total | ERR: Cron:cron_1 Runat 2016-06-22 11:42:07 Use 0.000027 s

[ 2016-06-22T11:42:21+08:00 ] /M/admin/total | ERR: Cron:cron_1 Runat 2016-06-22 11:42:21 Use 0.000028 s

[ 2016-06-22T11:42:50+08:00 ] /M/admin/total | ERR: Cron:cron_1 Runat 2016-06-22 11:42:50 Use 0.000028 s

[ 2016-06-22T11:43:46+08:00 ] /M/admin/total | ERR: Cron:cron_1 Runat 2016-06-22 11:43:46 Use 0.000028 s

[ 2016-06-22T11:44:17+08:00 ] /M/admin/total | ERR: Cron:cron_1 Runat 2016-06-22 11:44:17 Use 0.000027 s

[ 2016-06-22T12:00:51+08:00 ] /M/admin/total | ERR: Cron:cron_1 Runat 2016-06-22 12:00:51 Use 0.000028 s

[ 2016-06-22T12:01:17+08:00 ] /M/admin/total | ERR: Cron:cron_1 Runat 2016-06-22 12:01:17 Use 0.000028 s

[ 2016-06-22T12:01:40+08:00 ] /M/admin/total | ERR: Cron:cron_1 Runat 2016-06-22 12:01:40 Use 0.000028 s

[ 2016-06-22T12:02:38+08:00 ] /M/admin/total | ERR: Cron:cron_1 Runat 2016-06-22 12:02:38 Use 0.000029 s

[ 2016-06-22T12:03:38+08:00 ] /M/admin/total | ERR: Cron:cron_1 Runat 2016-06-22 12:03:38 Use 0.000028 s

[ 2016-06-22T12:04:38+08:00 ] /M/admin/total | ERR: Cron:cron_1 Runat 2016-06-22 12:04:38 Use 0.000027 s

[ 2016-06-22T12:04:48+08:00 ] /M/admin/total | ERR: Cron:cron_1 Runat 2016-06-22 12:04:48 Use 0.000028 s

[ 2016-06-22T12:05:16+08:00 ] /M/admin/total | ERR: Cron:cron_1 Runat 2016-06-22 12:05:16 Use 0.000028 s

[ 2016-06-22T12:07:52+08:00 ] /M/admin/total | ERR: Cron:cron_1 Runat 2016-06-22 12:07:52 Use 0.000032 s

[ 2016-06-22T12:08:09+08:00 ] /M/admin/total | ERR: Cron:cron_1 Runat 2016-06-22 12:08:09 Use 0.000029 s

[ 2016-06-22T12:09:55+08:00 ] /M/admin/total | ERR: Cron:cron_1 Runat 2016-06-22 12:09:55 Use 0.000028 s

[ 2016-06-22T12:11:22+08:00 ] /M/admin/total | ERR: Cron:cron_1 Runat 2016-06-22 12:11:22 Use 0.000028 s

[ 2016-06-22T12:11:52+08:00 ] /M/admin/total | ERR: Cron:cron_1 Runat 2016-06-22 12:11:52 Use 0.000028 s

[ 2016-06-22T12:12:23+08:00 ] /M/admin/total | ERR: Cron:cron_1 Runat 2016-06-22 12:12:23 Use 0.000028 s

[ 2016-06-22T12:12:33+08:00 ] /M/admin/total | ERR: Cron:cron_1 Runat 2016-06-22 12:12:33 Use 0.000028 s

[ 2016-06-22T12:15:00+08:00 ] /M/admin/total | ERR: Cron:cron_1 Runat 2016-06-22 12:15:00 Use 0.000028 s

[ 2016-06-22T12:16:15+08:00 ] /M/admin/total | ERR: Cron:cron_1 Runat 2016-06-22 12:16:15 Use 0.000028 s

[ 2016-06-22T12:16:27+08:00 ] /M/admin/total | ERR: Cron:cron_1 Runat 2016-06-22 12:16:27 Use 0.000028 s

[ 2016-06-22T12:17:16+08:00 ] /M/admin/total | ERR: Cron:cron_1 Runat 2016-06-22 12:17:16 Use 0.000029 s

[ 2016-06-22T12:17:36+08:00 ] /M/admin/total | ERR: Cron:cron_1 Runat 2016-06-22 12:17:36 Use 0.000029 s

[ 2016-06-22T12:22:18+08:00 ] /M/admin/total | ERR: Cron:cron_1 Runat 2016-06-22 12:22:18 Use 0.000029 s

[ 2016-06-22T14:01:38+08:00 ] / | ERR: Cron:cron_1 Runat 2016-06-22 14:01:38 Use 0.000032 s

[ 2016-06-22T14:40:21+08:00 ] / | ERR: Cron:cron_1 Runat 2016-06-22 14:40:21 Use 0.000028 s

[ 2016-06-22T14:40:45+08:00 ] / | ERR: Cron:cron_1 Runat 2016-06-22 14:40:45 Use 0.000027 s

[ 2016-06-22T14:40:53+08:00 ] / | ERR: Cron:cron_1 Runat 2016-06-22 14:40:53 Use 0.000035 s

[ 2016-06-22T14:40:56+08:00 ] / | ERR: Cron:cron_1 Runat 2016-06-22 14:40:56 Use 0.000049 s

[ 2016-06-22T14:41:01+08:00 ] / | ERR: Cron:cron_1 Runat 2016-06-22 14:41:01 Use 0.000040 s

[ 2016-06-22T14:41:06+08:00 ] / | ERR: Cron:cron_1 Runat 2016-06-22 14:41:06 Use 0.000028 s

[ 2016-06-22T14:45:16+08:00 ] / | ERR: Cron:cron_1 Runat 2016-06-22 14:45:16 Use 0.000032 s

[ 2016-06-22T14:45:24+08:00 ] / | ERR: Cron:cron_1 Runat 2016-06-22 14:45:24 Use 0.000027 s

[ 2016-06-22T14:45:27+08:00 ] / | ERR: Cron:cron_1 Runat 2016-06-22 14:45:27 Use 0.000028 s

[ 2016-06-22T14:45:30+08:00 ] / | ERR: Cron:cron_1 Runat 2016-06-22 14:45:30 Use 0.000027 s

[ 2016-06-22T14:45:34+08:00 ] / | ERR: Cron:cron_1 Runat 2016-06-22 14:45:34 Use 0.000027 s

[ 2016-06-22T14:45:38+08:00 ] / | ERR: Cron:cron_1 Runat 2016-06-22 14:45:38 Use 0.000029 s

[ 2016-06-22T14:46:30+08:00 ] / | ERR: Cron:cron_1 Runat 2016-06-22 14:46:30 Use 0.000032 s

[ 2016-06-22T14:48:23+08:00 ] / | ERR: Cron:cron_1 Runat 2016-06-22 14:48:23 Use 0.000029 s

[ 2016-06-22T14:49:12+08:00 ] / | ERR: Cron:cron_1 Runat 2016-06-22 14:49:12 Use 0.000030 s

[ 2016-06-22T14:49:39+08:00 ] / | ERR: Cron:cron_1 Runat 2016-06-22 14:49:39 Use 0.000031 s

[ 2016-06-22T14:49:59+08:00 ] / | ERR: Cron:cron_1 Runat 2016-06-22 14:49:59 Use 0.000029 s

[ 2016-06-22T14:50:41+08:00 ] / | ERR: Cron:cron_1 Runat 2016-06-22 14:50:41 Use 0.000029 s

[ 2016-06-22T14:50:44+08:00 ] / | ERR: Cron:cron_1 Runat 2016-06-22 14:50:44 Use 0.000050 s

[ 2016-06-22T14:50:48+08:00 ] / | ERR: Cron:cron_1 Runat 2016-06-22 14:50:48 Use 0.000241 s

[ 2016-06-22T14:51:05+08:00 ] / | ERR: Cron:cron_1 Runat 2016-06-22 14:51:05 Use 0.000074 s

[ 2016-06-22T14:51:10+08:00 ] / | ERR: Cron:cron_1 Runat 2016-06-22 14:51:10 Use 0.000048 s

[ 2016-06-22T14:51:50+08:00 ] / | ERR: Cron:cron_1 Runat 2016-06-22 14:51:50 Use 0.000029 s

[ 2016-06-22T14:52:03+08:00 ] / | ERR: Cron:cron_1 Runat 2016-06-22 14:52:03 Use 0.000034 s

[ 2016-06-22T14:52:22+08:00 ] / | ERR: Cron:cron_1 Runat 2016-06-22 14:52:22 Use 0.000033 s

[ 2016-06-22T14:52:58+08:00 ] / | ERR: Cron:cron_1 Runat 2016-06-22 14:52:58 Use 0.000030 s

[ 2016-06-22T14:53:51+08:00 ] / | ERR: Cron:cron_1 Runat 2016-06-22 14:53:51 Use 0.000050 s

[ 2016-06-22T14:54:15+08:00 ] / | ERR: Cron:cron_1 Runat 2016-06-22 14:54:15 Use 0.000043 s

[ 2016-06-22T14:54:41+08:00 ] / | ERR: Cron:cron_1 Runat 2016-06-22 14:54:41 Use 0.000028 s

[ 2016-06-22T14:59:21+08:00 ] / | ERR: Cron:cron_1 Runat 2016-06-22 14:59:21 Use 0.000029 s

[ 2016-06-22T15:51:16+08:00 ] /m/admin | ERR: Cron:cron_1 Runat 2016-06-22 15:51:16 Use 0.000028 s

[ 2016-06-22T15:51:20+08:00 ] /M/admin/total | ERR: Cron:cron_1 Runat 2016-06-22 15:51:20 Use 0.000030 s

[ 2016-06-22T15:52:49+08:00 ] /M/admin/total | ERR: Cron:cron_1 Runat 2016-06-22 15:52:49 Use 0.000028 s

[ 2016-06-22T15:53:04+08:00 ] /M/admin/total | ERR: Cron:cron_1 Runat 2016-06-22 15:53:04 Use 0.000029 s

[ 2016-06-22T15:53:24+08:00 ] /M/admin/total | ERR: Cron:cron_1 Runat 2016-06-22 15:53:24 Use 0.000028 s

[ 2016-06-22T15:53:41+08:00 ] /M/admin/total | ERR: Cron:cron_1 Runat 2016-06-22 15:53:41 Use 0.000029 s

[ 2016-06-22T15:53:55+08:00 ] /M/admin/total | ERR: Cron:cron_1 Runat 2016-06-22 15:53:55 Use 0.000035 s

[ 2016-06-22T16:01:57+08:00 ] /M/admin/total | ERR: Cron:cron_1 Runat 2016-06-22 16:01:57 Use 0.000029 s

[ 2016-06-22T16:02:16+08:00 ] /M/admin/total | ERR: Cron:cron_1 Runat 2016-06-22 16:02:16 Use 0.000029 s

[ 2016-06-22T16:02:27+08:00 ] /M/admin/total | ERR: Cron:cron_1 Runat 2016-06-22 16:02:27 Use 0.000036 s

[ 2016-06-22T16:03:16+08:00 ] /M/admin/total | ERR: Cron:cron_1 Runat 2016-06-22 16:03:16 Use 0.000028 s

[ 2016-06-22T16:03:33+08:00 ] /M/admin/total | ERR: Cron:cron_1 Runat 2016-06-22 16:03:33 Use 0.000029 s

