[ 2016-06-21T09:43:38+08:00 ] / | ERR: Cron:cron_1 Runat 2016-06-21 09:43:38 Use 0.000210 s
Cron:cron_2 Runat 2016-06-21 09:43:38 Use -0.000019 s

[ 2016-06-21T09:44:19+08:00 ] / | ERR: Cron:cron_1 Runat 2016-06-21 09:44:19 Use 0.000030 s

[ 2016-06-21T09:44:33+08:00 ] / | ERR: Cron:cron_1 Runat 2016-06-21 09:44:33 Use 0.000031 s

[ 2016-06-21T09:44:37+08:00 ] / | ERR: Cron:cron_1 Runat 2016-06-21 09:44:37 Use 0.000029 s

[ 2016-06-21T09:44:46+08:00 ] / | ERR: Cron:cron_1 Runat 2016-06-21 09:44:46 Use 0.000036 s

[ 2016-06-21T09:44:50+08:00 ] / | ERR: Cron:cron_1 Runat 2016-06-21 09:44:50 Use 0.000052 s

[ 2016-06-21T09:44:52+08:00 ] / | ERR: Cron:cron_1 Runat 2016-06-21 09:44:52 Use 0.000044 s

[ 2016-06-21T09:44:58+08:00 ] / | ERR: Cron:cron_1 Runat 2016-06-21 09:44:58 Use 0.000029 s

[ 2016-06-21T09:45:15+08:00 ] / | ERR: Cron:cron_1 Runat 2016-06-21 09:45:15 Use 0.000030 s

[ 2016-06-21T10:13:10+08:00 ] / | ERR: Cron:cron_1 Runat 2016-06-21 10:13:10 Use 0.000036 s

[ 2016-06-21T10:13:17+08:00 ] / | ERR: Cron:cron_1 Runat 2016-06-21 10:13:17 Use 0.000030 s

[ 2016-06-21T10:13:22+08:00 ] / | ERR: Cron:cron_1 Runat 2016-06-21 10:13:22 Use 0.000064 s

[ 2016-06-21T10:13:25+08:00 ] / | ERR: Cron:cron_1 Runat 2016-06-21 10:13:25 Use 0.000032 s

[ 2016-06-21T10:13:29+08:00 ] / | ERR: Cron:cron_1 Runat 2016-06-21 10:13:29 Use 0.000033 s

[ 2016-06-21T10:13:35+08:00 ] / | ERR: Cron:cron_1 Runat 2016-06-21 10:13:35 Use 0.000033 s

[ 2016-06-21T10:13:40+08:00 ] / | ERR: Cron:cron_1 Runat 2016-06-21 10:13:40 Use 0.000031 s

[ 2016-06-21T10:15:15+08:00 ] / | ERR: Cron:cron_1 Runat 2016-06-21 10:15:15 Use 0.000031 s

[ 2016-06-21T10:15:23+08:00 ] / | ERR: Cron:cron_1 Runat 2016-06-21 10:15:23 Use 0.000030 s

[ 2016-06-21T11:12:15+08:00 ] / | ERR: Cron:cron_1 Runat 2016-06-21 11:12:15 Use 0.000030 s

[ 2016-06-21T11:18:06+08:00 ] / | ERR: Cron:cron_1 Runat 2016-06-21 11:18:06 Use 0.000029 s

[ 2016-06-21T11:18:12+08:00 ] / | ERR: Cron:cron_1 Runat 2016-06-21 11:18:12 Use 0.000033 s

[ 2016-06-21T11:20:28+08:00 ] / | ERR: Cron:cron_1 Runat 2016-06-21 11:20:28 Use 0.000039 s

[ 2016-06-21T11:22:32+08:00 ] / | ERR: Cron:cron_1 Runat 2016-06-21 11:22:32 Use 0.000036 s

[ 2016-06-21T11:22:36+08:00 ] / | ERR: Cron:cron_1 Runat 2016-06-21 11:22:36 Use 0.000071 s

[ 2016-06-21T11:22:42+08:00 ] / | ERR: Cron:cron_1 Runat 2016-06-21 11:22:42 Use 0.000047 s

[ 2016-06-21T11:22:50+08:00 ] / | ERR: Cron:cron_1 Runat 2016-06-21 11:22:50 Use 0.000038 s

[ 2016-06-21T11:23:29+08:00 ] / | ERR: Cron:cron_1 Runat 2016-06-21 11:23:29 Use 0.000048 s

[ 2016-06-21T11:23:41+08:00 ] / | ERR: Cron:cron_1 Runat 2016-06-21 11:23:41 Use 0.000054 s

[ 2016-06-21T11:26:09+08:00 ] / | ERR: Cron:cron_1 Runat 2016-06-21 11:26:09 Use 0.000031 s

[ 2016-06-21T11:41:27+08:00 ] / | ERR: Cron:cron_1 Runat 2016-06-21 11:41:27 Use 0.000038 s

[ 2016-06-21T12:03:47+08:00 ] / | ERR: Cron:cron_1 Runat 2016-06-21 12:03:47 Use 0.000033 s

[ 2016-06-21T12:03:51+08:00 ] /m.html | ERR: Cron:cron_1 Runat 2016-06-21 12:03:51 Use 0.000038 s

[ 2016-06-21T12:04:24+08:00 ] /m.html | ERR: Cron:cron_1 Runat 2016-06-21 12:04:24 Use 0.000031 s

[ 2016-06-21T12:04:34+08:00 ] /m.html | ERR: Cron:cron_1 Runat 2016-06-21 12:04:34 Use 0.000028 s

[ 2016-06-21T12:04:41+08:00 ] / | ERR: Cron:cron_1 Runat 2016-06-21 12:04:41 Use 0.000036 s

[ 2016-06-21T12:04:44+08:00 ] / | ERR: Cron:cron_1 Runat 2016-06-21 12:04:44 Use 0.000033 s

[ 2016-06-21T12:04:47+08:00 ] / | ERR: Cron:cron_1 Runat 2016-06-21 12:04:47 Use 0.000029 s

[ 2016-06-21T12:04:50+08:00 ] / | ERR: Cron:cron_1 Runat 2016-06-21 12:04:50 Use 0.000031 s

[ 2016-06-21T12:04:55+08:00 ] /m.html | ERR: Cron:cron_1 Runat 2016-06-21 12:04:55 Use 0.000028 s

[ 2016-06-21T12:05:06+08:00 ] / | ERR: Cron:cron_1 Runat 2016-06-21 12:05:06 Use 0.000041 s

[ 2016-06-21T13:11:09+08:00 ] / | ERR: Cron:cron_1 Runat 2016-06-21 13:11:09 Use 0.000030 s

[ 2016-06-21T13:11:12+08:00 ] / | ERR: Cron:cron_1 Runat 2016-06-21 13:11:12 Use 0.000031 s

[ 2016-06-21T13:11:18+08:00 ] / | ERR: Cron:cron_1 Runat 2016-06-21 13:11:18 Use 0.000035 s

[ 2016-06-21T13:11:21+08:00 ] /m.html | ERR: Cron:cron_1 Runat 2016-06-21 13:11:21 Use 0.000028 s

[ 2016-06-21T13:11:24+08:00 ] /m.html | ERR: Cron:cron_1 Runat 2016-06-21 13:11:24 Use 0.000029 s

[ 2016-06-21T13:11:30+08:00 ] /m.html | ERR: Cron:cron_1 Runat 2016-06-21 13:11:30 Use 0.000028 s

[ 2016-06-21T13:11:37+08:00 ] /m.html | ERR: Cron:cron_1 Runat 2016-06-21 13:11:37 Use 0.000028 s

[ 2016-06-21T13:14:23+08:00 ] / | ERR: Cron:cron_1 Runat 2016-06-21 13:14:23 Use 0.000051 s

[ 2016-06-21T13:15:07+08:00 ] / | ERR: Cron:cron_1 Runat 2016-06-21 13:15:07 Use 0.000041 s

[ 2016-06-21T13:15:30+08:00 ] / | ERR: Cron:cron_1 Runat 2016-06-21 13:15:30 Use 0.000045 s

[ 2016-06-21T13:16:40+08:00 ] / | ERR: Cron:cron_1 Runat 2016-06-21 13:16:40 Use 0.000037 s

[ 2016-06-21T13:17:17+08:00 ] / | ERR: Cron:cron_1 Runat 2016-06-21 13:17:17 Use 0.000039 s

[ 2016-06-21T13:26:51+08:00 ] / | ERR: Cron:cron_1 Runat 2016-06-21 13:26:51 Use 0.000031 s

[ 2016-06-21T13:28:56+08:00 ] / | ERR: Cron:cron_1 Runat 2016-06-21 13:28:56 Use 0.000038 s

[ 2016-06-21T13:30:36+08:00 ] / | ERR: Cron:cron_1 Runat 2016-06-21 13:30:36 Use 0.000081 s

[ 2016-06-21T13:30:40+08:00 ] / | ERR: Cron:cron_1 Runat 2016-06-21 13:30:40 Use 0.000029 s

[ 2016-06-21T13:31:15+08:00 ] / | ERR: Cron:cron_1 Runat 2016-06-21 13:31:15 Use 0.000036 s

[ 2016-06-21T13:34:06+08:00 ] / | ERR: Cron:cron_1 Runat 2016-06-21 13:34:06 Use 0.000040 s

[ 2016-06-21T13:34:22+08:00 ] / | ERR: Cron:cron_1 Runat 2016-06-21 13:34:22 Use 0.000032 s

[ 2016-06-21T13:34:26+08:00 ] / | ERR: Cron:cron_1 Runat 2016-06-21 13:34:26 Use 0.000045 s

[ 2016-06-21T13:34:30+08:00 ] / | ERR: Cron:cron_1 Runat 2016-06-21 13:34:30 Use 0.000028 s

[ 2016-06-21T13:34:34+08:00 ] / | ERR: Cron:cron_1 Runat 2016-06-21 13:34:34 Use 0.000029 s

[ 2016-06-21T13:34:37+08:00 ] / | ERR: Cron:cron_1 Runat 2016-06-21 13:34:37 Use 0.000036 s

[ 2016-06-21T13:34:40+08:00 ] / | ERR: Cron:cron_1 Runat 2016-06-21 13:34:40 Use 0.000047 s

[ 2016-06-21T13:34:43+08:00 ] / | ERR: Cron:cron_1 Runat 2016-06-21 13:34:43 Use 0.000058 s

[ 2016-06-21T13:34:48+08:00 ] / | ERR: Cron:cron_1 Runat 2016-06-21 13:34:48 Use 0.000029 s

[ 2016-06-21T13:34:55+08:00 ] / | ERR: Cron:cron_1 Runat 2016-06-21 13:34:55 Use 0.000046 s

[ 2016-06-21T13:34:59+08:00 ] / | ERR: Cron:cron_1 Runat 2016-06-21 13:34:59 Use 0.000032 s

[ 2016-06-21T13:35:22+08:00 ] / | ERR: Cron:cron_1 Runat 2016-06-21 13:35:22 Use 0.000030 s

[ 2016-06-21T13:35:29+08:00 ] / | ERR: Cron:cron_1 Runat 2016-06-21 13:35:29 Use 0.000032 s

[ 2016-06-21T13:35:32+08:00 ] / | ERR: Cron:cron_1 Runat 2016-06-21 13:35:32 Use 0.000039 s

[ 2016-06-21T13:35:56+08:00 ] / | ERR: Cron:cron_1 Runat 2016-06-21 13:35:56 Use 0.000039 s

[ 2016-06-21T13:36:14+08:00 ] / | ERR: Cron:cron_1 Runat 2016-06-21 13:36:14 Use 0.000072 s

[ 2016-06-21T13:36:57+08:00 ] / | ERR: Cron:cron_1 Runat 2016-06-21 13:36:57 Use 0.000029 s

[ 2016-06-21T13:37:02+08:00 ] / | ERR: Cron:cron_1 Runat 2016-06-21 13:37:02 Use 0.000028 s

[ 2016-06-21T13:37:06+08:00 ] / | ERR: Cron:cron_1 Runat 2016-06-21 13:37:06 Use 0.000029 s

[ 2016-06-21T13:37:10+08:00 ] / | ERR: Cron:cron_1 Runat 2016-06-21 13:37:10 Use 0.000040 s

[ 2016-06-21T13:37:40+08:00 ] / | ERR: Cron:cron_1 Runat 2016-06-21 13:37:40 Use 0.000033 s

[ 2016-06-21T13:37:43+08:00 ] / | ERR: Cron:cron_1 Runat 2016-06-21 13:37:43 Use 0.000029 s

[ 2016-06-21T13:37:48+08:00 ] / | ERR: Cron:cron_1 Runat 2016-06-21 13:37:48 Use 0.000027 s

[ 2016-06-21T13:39:27+08:00 ] / | ERR: Cron:cron_1 Runat 2016-06-21 13:39:27 Use 0.000056 s

[ 2016-06-21T13:39:30+08:00 ] / | ERR: Cron:cron_1 Runat 2016-06-21 13:39:30 Use 0.000038 s

[ 2016-06-21T13:44:23+08:00 ] / | ERR: Cron:cron_1 Runat 2016-06-21 13:44:23 Use 0.000030 s

[ 2016-06-21T13:49:10+08:00 ] / | ERR: Cron:cron_1 Runat 2016-06-21 13:49:10 Use 0.000037 s

[ 2016-06-21T13:49:20+08:00 ] / | ERR: Cron:cron_1 Runat 2016-06-21 13:49:20 Use 0.000030 s

[ 2016-06-21T13:49:30+08:00 ] / | ERR: Cron:cron_1 Runat 2016-06-21 13:49:30 Use 0.000034 s

[ 2016-06-21T13:49:34+08:00 ] / | ERR: Cron:cron_1 Runat 2016-06-21 13:49:34 Use 0.000032 s

[ 2016-06-21T13:50:06+08:00 ] / | ERR: Cron:cron_1 Runat 2016-06-21 13:50:06 Use 0.000065 s

[ 2016-06-21T13:58:21+08:00 ] / | ERR: Cron:cron_1 Runat 2016-06-21 13:58:21 Use 0.000028 s

[ 2016-06-21T13:58:30+08:00 ] / | ERR: Cron:cron_1 Runat 2016-06-21 13:58:30 Use 0.000029 s

[ 2016-06-21T13:58:33+08:00 ] / | ERR: Cron:cron_1 Runat 2016-06-21 13:58:33 Use 0.000029 s

[ 2016-06-21T13:58:42+08:00 ] / | ERR: Cron:cron_1 Runat 2016-06-21 13:58:42 Use 0.000030 s

[ 2016-06-21T13:58:46+08:00 ] / | ERR: Cron:cron_1 Runat 2016-06-21 13:58:46 Use 0.000028 s

[ 2016-06-21T13:58:49+08:00 ] / | ERR: Cron:cron_1 Runat 2016-06-21 13:58:49 Use 0.000028 s

[ 2016-06-21T13:59:34+08:00 ] / | ERR: Cron:cron_1 Runat 2016-06-21 13:59:34 Use 0.000028 s

[ 2016-06-21T13:59:41+08:00 ] / | ERR: Cron:cron_1 Runat 2016-06-21 13:59:41 Use 0.000028 s

[ 2016-06-21T13:59:45+08:00 ] / | ERR: Cron:cron_1 Runat 2016-06-21 13:59:45 Use 0.000028 s

[ 2016-06-21T13:59:51+08:00 ] / | ERR: Cron:cron_1 Runat 2016-06-21 13:59:51 Use 0.000028 s

[ 2016-06-21T14:00:47+08:00 ] / | ERR: Cron:cron_1 Runat 2016-06-21 14:00:47 Use 0.000028 s

[ 2016-06-21T14:00:54+08:00 ] / | ERR: Cron:cron_1 Runat 2016-06-21 14:00:54 Use 0.000028 s

[ 2016-06-21T14:01:12+08:00 ] / | ERR: Cron:cron_1 Runat 2016-06-21 14:01:12 Use 0.000029 s

[ 2016-06-21T14:01:41+08:00 ] / | ERR: Cron:cron_1 Runat 2016-06-21 14:01:41 Use 0.000079 s

[ 2016-06-21T14:01:44+08:00 ] / | ERR: Cron:cron_1 Runat 2016-06-21 14:01:44 Use 0.000030 s

[ 2016-06-21T14:01:52+08:00 ] / | ERR: Cron:cron_1 Runat 2016-06-21 14:01:52 Use 0.000029 s

[ 2016-06-21T14:07:43+08:00 ] / | ERR: Cron:cron_1 Runat 2016-06-21 14:07:43 Use 0.000028 s

[ 2016-06-21T14:09:30+08:00 ] / | ERR: Cron:cron_1 Runat 2016-06-21 14:09:30 Use 0.000028 s

[ 2016-06-21T14:09:51+08:00 ] / | ERR: Cron:cron_1 Runat 2016-06-21 14:09:51 Use 0.000029 s

[ 2016-06-21T14:15:42+08:00 ] / | ERR: Cron:cron_1 Runat 2016-06-21 14:15:42 Use 0.000079 s

[ 2016-06-21T14:15:49+08:00 ] / | ERR: Cron:cron_1 Runat 2016-06-21 14:15:49 Use 0.000056 s

[ 2016-06-21T14:15:54+08:00 ] / | ERR: Cron:cron_1 Runat 2016-06-21 14:15:54 Use 0.000030 s

[ 2016-06-21T14:16:00+08:00 ] / | ERR: Cron:cron_1 Runat 2016-06-21 14:16:00 Use 0.000036 s

[ 2016-06-21T14:16:03+08:00 ] / | ERR: Cron:cron_1 Runat 2016-06-21 14:16:03 Use 0.000030 s

[ 2016-06-21T14:16:24+08:00 ] / | ERR: Cron:cron_1 Runat 2016-06-21 14:16:24 Use 0.000075 s

[ 2016-06-21T14:16:34+08:00 ] / | ERR: Cron:cron_1 Runat 2016-06-21 14:16:34 Use 0.000031 s

[ 2016-06-21T14:16:40+08:00 ] / | ERR: Cron:cron_1 Runat 2016-06-21 14:16:40 Use 0.000028 s

[ 2016-06-21T14:16:43+08:00 ] / | ERR: Cron:cron_1 Runat 2016-06-21 14:16:43 Use 0.000042 s

[ 2016-06-21T14:16:49+08:00 ] / | ERR: Cron:cron_1 Runat 2016-06-21 14:16:49 Use 0.000029 s

[ 2016-06-21T14:18:10+08:00 ] / | ERR: Cron:cron_1 Runat 2016-06-21 14:18:10 Use 0.000029 s

[ 2016-06-21T14:18:17+08:00 ] / | ERR: Cron:cron_1 Runat 2016-06-21 14:18:17 Use 0.000030 s

[ 2016-06-21T14:22:45+08:00 ] / | ERR: Cron:cron_1 Runat 2016-06-21 14:22:45 Use 0.000029 s

[ 2016-06-21T14:23:22+08:00 ] / | ERR: Cron:cron_1 Runat 2016-06-21 14:23:22 Use 0.000032 s

[ 2016-06-21T14:23:53+08:00 ] / | ERR: Cron:cron_1 Runat 2016-06-21 14:23:53 Use 0.000053 s

[ 2016-06-21T14:25:12+08:00 ] / | ERR: Cron:cron_1 Runat 2016-06-21 14:25:12 Use 0.000084 s

[ 2016-06-21T14:25:15+08:00 ] / | ERR: Cron:cron_1 Runat 2016-06-21 14:25:15 Use 0.000029 s

[ 2016-06-21T14:25:28+08:00 ] / | ERR: Cron:cron_1 Runat 2016-06-21 14:25:28 Use 0.000061 s

[ 2016-06-21T14:25:31+08:00 ] /m.html | ERR: Cron:cron_1 Runat 2016-06-21 14:25:31 Use 0.000028 s

[ 2016-06-21T14:25:34+08:00 ] / | ERR: Cron:cron_1 Runat 2016-06-21 14:25:34 Use 0.000031 s

[ 2016-06-21T14:25:51+08:00 ] / | ERR: Cron:cron_1 Runat 2016-06-21 14:25:51 Use 0.000028 s

[ 2016-06-21T14:25:55+08:00 ] / | ERR: Cron:cron_1 Runat 2016-06-21 14:25:55 Use 0.000029 s

[ 2016-06-21T14:26:03+08:00 ] / | ERR: Cron:cron_1 Runat 2016-06-21 14:26:03 Use 0.000029 s

[ 2016-06-21T14:27:12+08:00 ] / | ERR: Cron:cron_1 Runat 2016-06-21 14:27:12 Use 0.000029 s

[ 2016-06-21T14:27:15+08:00 ] / | ERR: Cron:cron_1 Runat 2016-06-21 14:27:15 Use 0.000035 s

[ 2016-06-21T14:27:18+08:00 ] / | ERR: Cron:cron_1 Runat 2016-06-21 14:27:18 Use 0.000042 s

[ 2016-06-21T14:27:24+08:00 ] / | ERR: Cron:cron_1 Runat 2016-06-21 14:27:24 Use 0.000030 s

[ 2016-06-21T14:27:33+08:00 ] / | ERR: Cron:cron_1 Runat 2016-06-21 14:27:33 Use 0.000030 s

[ 2016-06-21T14:27:38+08:00 ] / | ERR: Cron:cron_1 Runat 2016-06-21 14:27:38 Use 0.000037 s

[ 2016-06-21T14:27:48+08:00 ] / | ERR: Cron:cron_1 Runat 2016-06-21 14:27:48 Use 0.000031 s

[ 2016-06-21T14:28:16+08:00 ] / | ERR: Cron:cron_1 Runat 2016-06-21 14:28:16 Use 0.000029 s

[ 2016-06-21T14:28:20+08:00 ] / | ERR: Cron:cron_1 Runat 2016-06-21 14:28:20 Use 0.000029 s

[ 2016-06-21T14:28:23+08:00 ] / | ERR: Cron:cron_1 Runat 2016-06-21 14:28:23 Use 0.000031 s

[ 2016-06-21T14:28:26+08:00 ] / | ERR: Cron:cron_1 Runat 2016-06-21 14:28:26 Use 0.000032 s

[ 2016-06-21T14:28:30+08:00 ] / | ERR: Cron:cron_1 Runat 2016-06-21 14:28:30 Use 0.000030 s

[ 2016-06-21T14:28:33+08:00 ] / | ERR: Cron:cron_1 Runat 2016-06-21 14:28:33 Use 0.000028 s

[ 2016-06-21T14:28:52+08:00 ] / | ERR: Cron:cron_1 Runat 2016-06-21 14:28:52 Use 0.000071 s

[ 2016-06-21T14:29:00+08:00 ] / | ERR: Cron:cron_1 Runat 2016-06-21 14:29:00 Use 0.000030 s

[ 2016-06-21T14:29:08+08:00 ] / | ERR: Cron:cron_1 Runat 2016-06-21 14:29:08 Use 0.000029 s

[ 2016-06-21T14:29:17+08:00 ] / | ERR: Cron:cron_1 Runat 2016-06-21 14:29:17 Use 0.000030 s

[ 2016-06-21T14:29:20+08:00 ] / | ERR: Cron:cron_1 Runat 2016-06-21 14:29:20 Use 0.000032 s

[ 2016-06-21T14:29:24+08:00 ] / | ERR: Cron:cron_1 Runat 2016-06-21 14:29:24 Use 0.000029 s

[ 2016-06-21T14:29:31+08:00 ] / | ERR: Cron:cron_1 Runat 2016-06-21 14:29:31 Use 0.000031 s

[ 2016-06-21T14:29:36+08:00 ] / | ERR: Cron:cron_1 Runat 2016-06-21 14:29:36 Use 0.000029 s

[ 2016-06-21T14:30:04+08:00 ] / | ERR: Cron:cron_1 Runat 2016-06-21 14:30:04 Use 0.000046 s

[ 2016-06-21T14:30:32+08:00 ] / | ERR: Cron:cron_1 Runat 2016-06-21 14:30:32 Use 0.000034 s

[ 2016-06-21T14:30:38+08:00 ] / | ERR: Cron:cron_1 Runat 2016-06-21 14:30:38 Use 0.000040 s

[ 2016-06-21T14:30:41+08:00 ] / | ERR: Cron:cron_1 Runat 2016-06-21 14:30:41 Use 0.000030 s

[ 2016-06-21T14:39:27+08:00 ] / | ERR: Cron:cron_1 Runat 2016-06-21 14:39:27 Use 0.000049 s

[ 2016-06-21T14:39:34+08:00 ] / | ERR: Cron:cron_1 Runat 2016-06-21 14:39:34 Use 0.000029 s

[ 2016-06-21T14:45:53+08:00 ] / | ERR: Cron:cron_1 Runat 2016-06-21 14:45:53 Use 0.000050 s

[ 2016-06-21T14:45:56+08:00 ] / | ERR: Cron:cron_1 Runat 2016-06-21 14:45:56 Use 0.000043 s

[ 2016-06-21T15:24:52+08:00 ] / | ERR: Cron:cron_1 Runat 2016-06-21 15:24:52 Use 0.000034 s

[ 2016-06-21T15:25:08+08:00 ] / | ERR: Cron:cron_1 Runat 2016-06-21 15:25:08 Use 0.000044 s

[ 2016-06-21T15:26:46+08:00 ] / | ERR: Cron:cron_1 Runat 2016-06-21 15:26:46 Use 0.000030 s

[ 2016-06-21T15:27:05+08:00 ] / | ERR: Cron:cron_1 Runat 2016-06-21 15:27:05 Use 0.000055 s

[ 2016-06-21T15:27:08+08:00 ] / | ERR: Cron:cron_1 Runat 2016-06-21 15:27:08 Use 0.000042 s

[ 2016-06-21T15:27:12+08:00 ] / | ERR: Cron:cron_1 Runat 2016-06-21 15:27:12 Use 0.000048 s

[ 2016-06-21T15:34:53+08:00 ] / | ERR: Cron:cron_1 Runat 2016-06-21 15:34:53 Use 0.000030 s

[ 2016-06-21T15:40:36+08:00 ] / | ERR: Cron:cron_1 Runat 2016-06-21 15:40:36 Use 0.000030 s

[ 2016-06-21T15:41:24+08:00 ] / | ERR: Cron:cron_1 Runat 2016-06-21 15:41:24 Use 0.000031 s

[ 2016-06-21T15:41:27+08:00 ] / | ERR: Cron:cron_1 Runat 2016-06-21 15:41:27 Use 0.000032 s

[ 2016-06-21T15:49:50+08:00 ] / | ERR: Cron:cron_1 Runat 2016-06-21 15:49:50 Use 0.000047 s

[ 2016-06-21T16:04:20+08:00 ] / | ERR: Cron:cron_1 Runat 2016-06-21 16:04:20 Use 0.000032 s

[ 2016-06-21T16:05:27+08:00 ] / | ERR: Cron:cron_1 Runat 2016-06-21 16:05:27 Use 0.000030 s

[ 2016-06-21T16:05:31+08:00 ] / | ERR: Cron:cron_1 Runat 2016-06-21 16:05:31 Use 0.000029 s

[ 2016-06-21T16:05:40+08:00 ] / | ERR: Cron:cron_1 Runat 2016-06-21 16:05:40 Use 0.000028 s

[ 2016-06-21T16:12:05+08:00 ] / | ERR: Cron:cron_1 Runat 2016-06-21 16:12:05 Use 0.000030 s

[ 2016-06-21T16:12:08+08:00 ] / | ERR: Cron:cron_1 Runat 2016-06-21 16:12:08 Use 0.000040 s

[ 2016-06-21T16:12:11+08:00 ] / | ERR: Cron:cron_1 Runat 2016-06-21 16:12:11 Use 0.000030 s

[ 2016-06-21T16:12:14+08:00 ] / | ERR: Cron:cron_1 Runat 2016-06-21 16:12:14 Use 0.000030 s

[ 2016-06-21T16:19:57+08:00 ] / | ERR: Cron:cron_1 Runat 2016-06-21 16:19:57 Use 0.000040 s

[ 2016-06-21T16:20:01+08:00 ] / | ERR: Cron:cron_1 Runat 2016-06-21 16:20:01 Use 0.000030 s

[ 2016-06-21T16:20:05+08:00 ] / | ERR: Cron:cron_1 Runat 2016-06-21 16:20:05 Use 0.000051 s

[ 2016-06-21T16:20:21+08:00 ] / | ERR: Cron:cron_1 Runat 2016-06-21 16:20:21 Use 0.000056 s

[ 2016-06-21T16:21:35+08:00 ] / | ERR: Cron:cron_1 Runat 2016-06-21 16:21:35 Use 0.000034 s

[ 2016-06-21T16:21:38+08:00 ] / | ERR: Cron:cron_1 Runat 2016-06-21 16:21:38 Use 0.000030 s

[ 2016-06-21T16:21:42+08:00 ] / | ERR: Cron:cron_1 Runat 2016-06-21 16:21:42 Use 0.000041 s

[ 2016-06-21T16:21:51+08:00 ] / | ERR: Cron:cron_1 Runat 2016-06-21 16:21:51 Use 0.000046 s

[ 2016-06-21T16:21:55+08:00 ] / | ERR: Cron:cron_1 Runat 2016-06-21 16:21:55 Use 0.000046 s

[ 2016-06-21T16:22:08+08:00 ] / | ERR: Cron:cron_1 Runat 2016-06-21 16:22:08 Use 0.000035 s

[ 2016-06-21T16:22:11+08:00 ] / | ERR: Cron:cron_1 Runat 2016-06-21 16:22:11 Use 0.000033 s

[ 2016-06-21T16:22:14+08:00 ] / | ERR: Cron:cron_1 Runat 2016-06-21 16:22:14 Use 0.000030 s

[ 2016-06-21T16:22:26+08:00 ] / | ERR: Cron:cron_1 Runat 2016-06-21 16:22:26 Use 0.000029 s

[ 2016-06-21T16:22:35+08:00 ] / | ERR: Cron:cron_1 Runat 2016-06-21 16:22:35 Use 0.000030 s

[ 2016-06-21T16:22:38+08:00 ] / | ERR: Cron:cron_1 Runat 2016-06-21 16:22:38 Use 0.000028 s

[ 2016-06-21T16:22:45+08:00 ] / | ERR: Cron:cron_1 Runat 2016-06-21 16:22:45 Use 0.000030 s

[ 2016-06-21T16:22:49+08:00 ] / | ERR: Cron:cron_1 Runat 2016-06-21 16:22:49 Use 0.000030 s

[ 2016-06-21T16:23:06+08:00 ] / | ERR: Cron:cron_1 Runat 2016-06-21 16:23:06 Use 0.000031 s

[ 2016-06-21T16:23:12+08:00 ] / | ERR: Cron:cron_1 Runat 2016-06-21 16:23:12 Use 0.000041 s

[ 2016-06-21T16:23:17+08:00 ] / | ERR: Cron:cron_1 Runat 2016-06-21 16:23:17 Use 0.000028 s

[ 2016-06-21T16:23:21+08:00 ] / | ERR: Cron:cron_1 Runat 2016-06-21 16:23:21 Use 0.000046 s

[ 2016-06-21T16:23:26+08:00 ] / | ERR: Cron:cron_1 Runat 2016-06-21 16:23:26 Use 0.000032 s

[ 2016-06-21T16:23:35+08:00 ] / | ERR: Cron:cron_1 Runat 2016-06-21 16:23:35 Use 0.000045 s

[ 2016-06-21T16:23:42+08:00 ] / | ERR: Cron:cron_1 Runat 2016-06-21 16:23:42 Use 0.000045 s

[ 2016-06-21T16:23:48+08:00 ] / | ERR: Cron:cron_1 Runat 2016-06-21 16:23:48 Use 0.000032 s

[ 2016-06-21T16:49:36+08:00 ] / | ERR: Cron:cron_1 Runat 2016-06-21 16:49:36 Use 0.000298 s

[ 2016-06-21T16:49:39+08:00 ] /aboutus/jianjie.html | ERR: Cron:cron_1 Runat 2016-06-21 16:49:39 Use 0.000044 s

[ 2016-06-21T16:49:42+08:00 ] / | ERR: Cron:cron_1 Runat 2016-06-21 16:49:42 Use 0.000039 s

[ 2016-06-21T16:49:46+08:00 ] /bangzhu/billguide | ERR: Cron:cron_1 Runat 2016-06-21 16:49:46 Use 0.000060 s

[ 2016-06-21T16:49:50+08:00 ] /loaninvest | ERR: Cron:cron_1 Runat 2016-06-21 16:49:50 Use 0.000031 s

[ 2016-06-21T16:50:07+08:00 ] / | ERR: Cron:cron_1 Runat 2016-06-21 16:50:07 Use 0.000029 s

[ 2016-06-21T16:50:14+08:00 ] /loaninvest | ERR: Cron:cron_1 Runat 2016-06-21 16:50:14 Use 0.000030 s

[ 2016-06-21T16:50:19+08:00 ] /Loaninvest/detail?id=34 | ERR: Cron:cron_1 Runat 2016-06-21 16:50:19 Use 0.000029 s

[ 2016-06-21T16:50:27+08:00 ] / | ERR: Cron:cron_1 Runat 2016-06-21 16:50:27 Use 0.000030 s

[ 2016-06-21T16:50:42+08:00 ] / | ERR: Cron:cron_1 Runat 2016-06-21 16:50:42 Use 0.000040 s

[ 2016-06-21T16:51:58+08:00 ] / | ERR: Cron:cron_1 Runat 2016-06-21 16:51:58 Use 0.000028 s

